
Wed Jun 22 2016 09:25:06 GMT-0300 (BRT)

Operating System
  Name                        = Mac OS X
  Version                     = 10.10.3
  Architecture                = 64bit
  # CPUs                      = 8
  Memory                      = 8589934592

Node.js
  Node.js Version             = 0.12.0
  npm Version                 = 2.5.1

Titanium CLI
  CLI Version                 = 4.1.5

Titanium SDK
  SDK Version                 = 5.0.3.v20151028143139
  SDK Path                    = /Users/didox/Library/Application Support/Titanium/mobilesdk/osx/5.0.3.v20151028143139
  Target Platform             = android

Command
  /usr/local/Cellar/node/0.12.0/bin/node /usr/local/bin/titanium build -b -p android

[DEBUG]  Detecting modules in /Users/didox/projects/torne-se-programador/desenvolvimento_aplicativos/minha_primeira_aplicacao/modules
[DEBUG]  Detecting modules in /Users/didox/Library/Application Support/Titanium/modules
[DEBUG]  Detected android module: com.appcelerator.apm 1.1.1 @ /Users/didox/Library/Application Support/Titanium/modules/android/com.appcelerator.apm/1.1.1
[DEBUG]  Detected android module: com.appcelerator.apm 1.1.5 @ /Users/didox/Library/Application Support/Titanium/modules/android/com.appcelerator.apm/1.1.5
[DEBUG]  Detected android module: facebook 3.0.3 @ /Users/didox/Library/Application Support/Titanium/modules/android/facebook/3.0.3
[DEBUG]  Detected android module: facebook 4.0.1 @ /Users/didox/Library/Application Support/Titanium/modules/android/facebook/4.0.1
[DEBUG]  Detected android module: facebook 4.0.5 @ /Users/didox/Library/Application Support/Titanium/modules/android/facebook/4.0.5
[DEBUG]  Detected android module: ti.admob 2.1.6 @ /Users/didox/Library/Application Support/Titanium/modules/android/ti.admob/2.1.6
[DEBUG]  Detected android module: ti.cloudpush 3.3.4 @ /Users/didox/Library/Application Support/Titanium/modules/android/ti.cloudpush/3.3.4
[DEBUG]  Detected android module: ti.cloudpush 3.3.7 @ /Users/didox/Library/Application Support/Titanium/modules/android/ti.cloudpush/3.3.7
[DEBUG]  Detected android module: ti.cloudpush 3.3.8 @ /Users/didox/Library/Application Support/Titanium/modules/android/ti.cloudpush/3.3.8
[DEBUG]  Detected android module: ti.cloudpush 3.4.0 @ /Users/didox/Library/Application Support/Titanium/modules/android/ti.cloudpush/3.4.0
[DEBUG]  Detected android module: ti.map 2.2.2 @ /Users/didox/Library/Application Support/Titanium/modules/android/ti.map/2.2.2
[DEBUG]  Detected android module: ti.map 2.2.3 @ /Users/didox/Library/Application Support/Titanium/modules/android/ti.map/2.2.3
[DEBUG]  Detected android module: ti.map 2.3.1 @ /Users/didox/Library/Application Support/Titanium/modules/android/ti.map/2.3.1
[DEBUG]  Detected android module: ti.map 2.3.3 @ /Users/didox/Library/Application Support/Titanium/modules/android/ti.map/2.3.3
[DEBUG]  Detected android module: ti.newrelic 4.0 @ /Users/didox/Library/Application Support/Titanium/modules/android/ti.newrelic/4.0
[DEBUG]  Detected commonjs module: ti.cloud 3.2.7 @ /Users/didox/Library/Application Support/Titanium/modules/commonjs/ti.cloud/3.2.7
[DEBUG]  Detected commonjs module: ti.cloud 3.2.9 @ /Users/didox/Library/Application Support/Titanium/modules/commonjs/ti.cloud/3.2.9
[DEBUG]  Detected iphone module: com.appcelerator.apm 1.1.1 @ /Users/didox/Library/Application Support/Titanium/modules/iphone/com.appcelerator.apm/1.1.1
[DEBUG]  Detected iphone module: com.appcelerator.apm 1.1.5 @ /Users/didox/Library/Application Support/Titanium/modules/iphone/com.appcelerator.apm/1.1.5
[DEBUG]  Detected iphone module: com.appcelerator.urlSession 1.0.1 @ /Users/didox/Library/Application Support/Titanium/modules/iphone/com.appcelerator.urlSession/1.0.1
[DEBUG]  Detected iphone module: com.appcelerator.urlSession 1.1.0 @ /Users/didox/Library/Application Support/Titanium/modules/iphone/com.appcelerator.urlSession/1.1.0
[DEBUG]  Detected iphone module: com.appcelerator.urlSession 1.1.1 @ /Users/didox/Library/Application Support/Titanium/modules/iphone/com.appcelerator.urlSession/1.1.1
[DEBUG]  Detected iphone module: facebook 3.1.1 @ /Users/didox/Library/Application Support/Titanium/modules/iphone/facebook/3.1.1
[DEBUG]  Detected iphone module: facebook 3.2.0 @ /Users/didox/Library/Application Support/Titanium/modules/iphone/facebook/3.2.0
[DEBUG]  Detected iphone module: facebook 4.0.0 @ /Users/didox/Library/Application Support/Titanium/modules/iphone/facebook/4.0.0
[DEBUG]  Detected iphone module: facebook 4.0.5 @ /Users/didox/Library/Application Support/Titanium/modules/iphone/facebook/4.0.5
[DEBUG]  Detected iphone module: ti.coremotion 1.0.1 @ /Users/didox/Library/Application Support/Titanium/modules/iphone/ti.coremotion/1.0.1
[DEBUG]  Detected iphone module: ti.coremotion 1.1.0 @ /Users/didox/Library/Application Support/Titanium/modules/iphone/ti.coremotion/1.1.0
[DEBUG]  Detected iphone module: ti.map 2.0.4 @ /Users/didox/Library/Application Support/Titanium/modules/iphone/ti.map/2.0.4
[DEBUG]  Detected iphone module: ti.map 2.2.0 @ /Users/didox/Library/Application Support/Titanium/modules/iphone/ti.map/2.2.0
[DEBUG]  Detected iphone module: ti.map 2.3.1 @ /Users/didox/Library/Application Support/Titanium/modules/iphone/ti.map/2.3.1
[DEBUG]  Detected iphone module: ti.map 2.3.3 @ /Users/didox/Library/Application Support/Titanium/modules/iphone/ti.map/2.3.3
[DEBUG]  Detected iphone module: ti.map 2.4.0 @ /Users/didox/Library/Application Support/Titanium/modules/iphone/ti.map/2.4.0
[DEBUG]  Detected iphone module: ti.map 2.4.1 @ /Users/didox/Library/Application Support/Titanium/modules/iphone/ti.map/2.4.1
[DEBUG]  Detected iphone module: ti.newrelic 4.0 @ /Users/didox/Library/Application Support/Titanium/modules/iphone/ti.newrelic/4.0
[DEBUG]  Detected iphone module: ti.touchid 1.0 @ /Users/didox/Library/Application Support/Titanium/modules/iphone/ti.touchid/1.0
[DEBUG]  Detected iphone module: ti.touchid 1.1.0 @ /Users/didox/Library/Application Support/Titanium/modules/iphone/ti.touchid/1.1.0
[DEBUG]  Detected iphone module: ti.touchid 1.2.0 @ /Users/didox/Library/Application Support/Titanium/modules/iphone/ti.touchid/1.2.0
[DEBUG]  Looking for Titanium module id=ti.admob version=latest platform=android deploy-type=development
[INFO]   Found Titanium module id=ti.admob version=2.1.6 platform=android deploy-type=development path=/Users/didox/Library/Application Support/Titanium/modules/android/ti.admob/2.1.6
[DEBUG]  No project level plugins to load
[DEBUG]  Titanium SDK Android directory: /Users/didox/Library/Application Support/Titanium/mobilesdk/osx/5.0.3.v20151028143139/android
[INFO]   Deploy type: development
[INFO]   Building for target: emulator
[INFO]   Performing build only
[INFO]   Targeting Android SDK: 21
[INFO]   Building for the following architectures: armeabi, armeabi-v7a, x86
[INFO]   Signing with keystore: /Users/didox/Library/Application Support/Titanium/mobilesdk/osx/5.0.3.v20151028143139/android/dev_keystore (tidev)
[DEBUG]  App ID: com.didox.MinhaPrimeiraAplicacao
[DEBUG]  Classname: Minha_primeira_aplicacao
[INFO]   Debugging disabled
[INFO]   Profiler disabled
[INFO]   Forcing rebuild: /Users/didox/projects/torne-se-programador/desenvolvimento_aplicativos/minha_primeira_aplicacao/build/android/build-manifest.json does not exist
[DEBUG]  Copying /Users/didox/projects/torne-se-programador/desenvolvimento_aplicativos/minha_primeira_aplicacao/Resources
[DEBUG]  Ignoring /Users/didox/projects/torne-se-programador/desenvolvimento_aplicativos/minha_primeira_aplicacao/Resources/.DS_Store
[DEBUG]  Symlinking /Users/didox/projects/torne-se-programador/desenvolvimento_aplicativos/minha_primeira_aplicacao/Resources/KS_nav_ui.png => /Users/didox/projects/torne-se-programador/desenvolvimento_aplicativos/minha_primeira_aplicacao/build/android/bin/assets/Resources/KS_nav_ui.png
[DEBUG]  Symlinking /Users/didox/projects/torne-se-programador/desenvolvimento_aplicativos/minha_primeira_aplicacao/Resources/KS_nav_views.png => /Users/didox/projects/torne-se-programador/desenvolvimento_aplicativos/minha_primeira_aplicacao/build/android/bin/assets/Resources/KS_nav_views.png
[DEBUG]  Ignoring /Users/didox/projects/torne-se-programador/desenvolvimento_aplicativos/minha_primeira_aplicacao/Resources/android
[DEBUG]  Ignoring /Users/didox/projects/torne-se-programador/desenvolvimento_aplicativos/minha_primeira_aplicacao/Resources/html/.DS_Store
[DEBUG]  Symlinking /Users/didox/projects/torne-se-programador/desenvolvimento_aplicativos/minha_primeira_aplicacao/Resources/html/alterar.html => /Users/didox/projects/torne-se-programador/desenvolvimento_aplicativos/minha_primeira_aplicacao/build/android/bin/assets/Resources/html/alterar.html
[DEBUG]  Ignoring /Users/didox/projects/torne-se-programador/desenvolvimento_aplicativos/minha_primeira_aplicacao/Resources/html/bootstrap/.DS_Store
[DEBUG]  Symlinking /Users/didox/projects/torne-se-programador/desenvolvimento_aplicativos/minha_primeira_aplicacao/Resources/html/bootstrap/css/bootstrap-theme.css => /Users/didox/projects/torne-se-programador/desenvolvimento_aplicativos/minha_primeira_aplicacao/build/android/bin/assets/Resources/html/bootstrap/css/bootstrap-theme.css
[DEBUG]  Symlinking /Users/didox/projects/torne-se-programador/desenvolvimento_aplicativos/minha_primeira_aplicacao/Resources/html/bootstrap/css/bootstrap-theme.css.map => /Users/didox/projects/torne-se-programador/desenvolvimento_aplicativos/minha_primeira_aplicacao/build/android/bin/assets/Resources/html/bootstrap/css/bootstrap-theme.css.map
[DEBUG]  Symlinking /Users/didox/projects/torne-se-programador/desenvolvimento_aplicativos/minha_primeira_aplicacao/Resources/html/bootstrap/css/bootstrap-theme.min.css => /Users/didox/projects/torne-se-programador/desenvolvimento_aplicativos/minha_primeira_aplicacao/build/android/bin/assets/Resources/html/bootstrap/css/bootstrap-theme.min.css
[DEBUG]  Symlinking /Users/didox/projects/torne-se-programador/desenvolvimento_aplicativos/minha_primeira_aplicacao/Resources/html/bootstrap/css/bootstrap-theme.min.css.map => /Users/didox/projects/torne-se-programador/desenvolvimento_aplicativos/minha_primeira_aplicacao/build/android/bin/assets/Resources/html/bootstrap/css/bootstrap-theme.min.css.map
[DEBUG]  Symlinking /Users/didox/projects/torne-se-programador/desenvolvimento_aplicativos/minha_primeira_aplicacao/Resources/html/bootstrap/css/bootstrap.css => /Users/didox/projects/torne-se-programador/desenvolvimento_aplicativos/minha_primeira_aplicacao/build/android/bin/assets/Resources/html/bootstrap/css/bootstrap.css
[DEBUG]  Symlinking /Users/didox/projects/torne-se-programador/desenvolvimento_aplicativos/minha_primeira_aplicacao/Resources/html/bootstrap/css/bootstrap.css.map => /Users/didox/projects/torne-se-programador/desenvolvimento_aplicativos/minha_primeira_aplicacao/build/android/bin/assets/Resources/html/bootstrap/css/bootstrap.css.map
[DEBUG]  Symlinking /Users/didox/projects/torne-se-programador/desenvolvimento_aplicativos/minha_primeira_aplicacao/Resources/html/bootstrap/css/bootstrap.min.css => /Users/didox/projects/torne-se-programador/desenvolvimento_aplicativos/minha_primeira_aplicacao/build/android/bin/assets/Resources/html/bootstrap/css/bootstrap.min.css
[DEBUG]  Symlinking /Users/didox/projects/torne-se-programador/desenvolvimento_aplicativos/minha_primeira_aplicacao/Resources/html/bootstrap/css/bootstrap.min.css.map => /Users/didox/projects/torne-se-programador/desenvolvimento_aplicativos/minha_primeira_aplicacao/build/android/bin/assets/Resources/html/bootstrap/css/bootstrap.min.css.map
[DEBUG]  Symlinking /Users/didox/projects/torne-se-programador/desenvolvimento_aplicativos/minha_primeira_aplicacao/Resources/html/bootstrap/fonts/glyphicons-halflings-regular.eot => /Users/didox/projects/torne-se-programador/desenvolvimento_aplicativos/minha_primeira_aplicacao/build/android/bin/assets/Resources/html/bootstrap/fonts/glyphicons-halflings-regular.eot
[DEBUG]  Symlinking /Users/didox/projects/torne-se-programador/desenvolvimento_aplicativos/minha_primeira_aplicacao/Resources/html/bootstrap/fonts/glyphicons-halflings-regular.svg => /Users/didox/projects/torne-se-programador/desenvolvimento_aplicativos/minha_primeira_aplicacao/build/android/bin/assets/Resources/html/bootstrap/fonts/glyphicons-halflings-regular.svg
[DEBUG]  Symlinking /Users/didox/projects/torne-se-programador/desenvolvimento_aplicativos/minha_primeira_aplicacao/Resources/html/bootstrap/fonts/glyphicons-halflings-regular.ttf => /Users/didox/projects/torne-se-programador/desenvolvimento_aplicativos/minha_primeira_aplicacao/build/android/bin/assets/Resources/html/bootstrap/fonts/glyphicons-halflings-regular.ttf
[DEBUG]  Symlinking /Users/didox/projects/torne-se-programador/desenvolvimento_aplicativos/minha_primeira_aplicacao/Resources/html/bootstrap/fonts/glyphicons-halflings-regular.woff => /Users/didox/projects/torne-se-programador/desenvolvimento_aplicativos/minha_primeira_aplicacao/build/android/bin/assets/Resources/html/bootstrap/fonts/glyphicons-halflings-regular.woff
[DEBUG]  Symlinking /Users/didox/projects/torne-se-programador/desenvolvimento_aplicativos/minha_primeira_aplicacao/Resources/html/bootstrap/fonts/glyphicons-halflings-regular.woff2 => /Users/didox/projects/torne-se-programador/desenvolvimento_aplicativos/minha_primeira_aplicacao/build/android/bin/assets/Resources/html/bootstrap/fonts/glyphicons-halflings-regular.woff2
[DEBUG]  Symlinking /Users/didox/projects/torne-se-programador/desenvolvimento_aplicativos/minha_primeira_aplicacao/Resources/html/index.html => /Users/didox/projects/torne-se-programador/desenvolvimento_aplicativos/minha_primeira_aplicacao/build/android/bin/assets/Resources/html/index.html
[DEBUG]  Ignoring /Users/didox/projects/torne-se-programador/desenvolvimento_aplicativos/minha_primeira_aplicacao/Resources/html/javascripts/.DS_Store
[DEBUG]  Ignoring /Users/didox/projects/torne-se-programador/desenvolvimento_aplicativos/minha_primeira_aplicacao/Resources/html/stylesheets/.DS_Store
[DEBUG]  Symlinking /Users/didox/projects/torne-se-programador/desenvolvimento_aplicativos/minha_primeira_aplicacao/Resources/html/stylesheets/style.css => /Users/didox/projects/torne-se-programador/desenvolvimento_aplicativos/minha_primeira_aplicacao/build/android/bin/assets/Resources/html/stylesheets/style.css
[DEBUG]  Ignoring /Users/didox/projects/torne-se-programador/desenvolvimento_aplicativos/minha_primeira_aplicacao/Resources/iphone
[DEBUG]  Ignoring /Users/didox/projects/torne-se-programador/desenvolvimento_aplicativos/minha_primeira_aplicacao/Resources/mobileweb
[DEBUG]  Copying /Users/didox/projects/torne-se-programador/desenvolvimento_aplicativos/minha_primeira_aplicacao/Resources/android
[DEBUG]  Symlinking /Users/didox/projects/torne-se-programador/desenvolvimento_aplicativos/minha_primeira_aplicacao/Resources/android/appicon.png => /Users/didox/projects/torne-se-programador/desenvolvimento_aplicativos/minha_primeira_aplicacao/build/android/bin/assets/Resources/appicon.png
[DEBUG]  Symlinking /Users/didox/projects/torne-se-programador/desenvolvimento_aplicativos/minha_primeira_aplicacao/Resources/android/default.png => /Users/didox/projects/torne-se-programador/desenvolvimento_aplicativos/minha_primeira_aplicacao/build/android/res/drawable/background.png
[DEBUG]  Symlinking /Users/didox/projects/torne-se-programador/desenvolvimento_aplicativos/minha_primeira_aplicacao/Resources/android/images/res-long-land-hdpi/default.png => /Users/didox/projects/torne-se-programador/desenvolvimento_aplicativos/minha_primeira_aplicacao/build/android/res/drawable-long-land-hdpi/background.png
[DEBUG]  Symlinking /Users/didox/projects/torne-se-programador/desenvolvimento_aplicativos/minha_primeira_aplicacao/Resources/android/images/res-long-land-ldpi/default.png => /Users/didox/projects/torne-se-programador/desenvolvimento_aplicativos/minha_primeira_aplicacao/build/android/res/drawable-long-land-ldpi/background.png
[DEBUG]  Symlinking /Users/didox/projects/torne-se-programador/desenvolvimento_aplicativos/minha_primeira_aplicacao/Resources/android/images/res-long-port-hdpi/default.png => /Users/didox/projects/torne-se-programador/desenvolvimento_aplicativos/minha_primeira_aplicacao/build/android/res/drawable-long-port-hdpi/background.png
[DEBUG]  Symlinking /Users/didox/projects/torne-se-programador/desenvolvimento_aplicativos/minha_primeira_aplicacao/Resources/android/images/res-long-port-ldpi/default.png => /Users/didox/projects/torne-se-programador/desenvolvimento_aplicativos/minha_primeira_aplicacao/build/android/res/drawable-long-port-ldpi/background.png
[DEBUG]  Symlinking /Users/didox/projects/torne-se-programador/desenvolvimento_aplicativos/minha_primeira_aplicacao/Resources/android/images/res-notlong-land-hdpi/default.png => /Users/didox/projects/torne-se-programador/desenvolvimento_aplicativos/minha_primeira_aplicacao/build/android/res/drawable-notlong-land-hdpi/background.png
[DEBUG]  Symlinking /Users/didox/projects/torne-se-programador/desenvolvimento_aplicativos/minha_primeira_aplicacao/Resources/android/images/res-notlong-land-ldpi/default.png => /Users/didox/projects/torne-se-programador/desenvolvimento_aplicativos/minha_primeira_aplicacao/build/android/res/drawable-notlong-land-ldpi/background.png
[DEBUG]  Symlinking /Users/didox/projects/torne-se-programador/desenvolvimento_aplicativos/minha_primeira_aplicacao/Resources/android/images/res-notlong-land-mdpi/default.png => /Users/didox/projects/torne-se-programador/desenvolvimento_aplicativos/minha_primeira_aplicacao/build/android/res/drawable-notlong-land-mdpi/background.png
[DEBUG]  Symlinking /Users/didox/projects/torne-se-programador/desenvolvimento_aplicativos/minha_primeira_aplicacao/Resources/android/images/res-notlong-port-hdpi/default.png => /Users/didox/projects/torne-se-programador/desenvolvimento_aplicativos/minha_primeira_aplicacao/build/android/res/drawable-notlong-port-hdpi/background.png
[DEBUG]  Symlinking /Users/didox/projects/torne-se-programador/desenvolvimento_aplicativos/minha_primeira_aplicacao/Resources/android/images/res-notlong-port-ldpi/default.png => /Users/didox/projects/torne-se-programador/desenvolvimento_aplicativos/minha_primeira_aplicacao/build/android/res/drawable-notlong-port-ldpi/background.png
[DEBUG]  Symlinking /Users/didox/projects/torne-se-programador/desenvolvimento_aplicativos/minha_primeira_aplicacao/Resources/android/images/res-notlong-port-mdpi/default.png => /Users/didox/projects/torne-se-programador/desenvolvimento_aplicativos/minha_primeira_aplicacao/build/android/res/drawable-notlong-port-mdpi/background.png
[DEBUG]  Symlinking /Users/didox/projects/torne-se-programador/desenvolvimento_aplicativos/minha_primeira_aplicacao/build/android/bin/assets/Resources/appicon.png => /Users/didox/projects/torne-se-programador/desenvolvimento_aplicativos/minha_primeira_aplicacao/build/android/res/drawable/appicon.png
[INFO]   Processing JavaScript files
[DEBUG]  Symlinking /Users/didox/projects/torne-se-programador/desenvolvimento_aplicativos/minha_primeira_aplicacao/Resources/app.js => /Users/didox/projects/torne-se-programador/desenvolvimento_aplicativos/minha_primeira_aplicacao/build/android/bin/assets/Resources/app.js
[DEBUG]  Symlinking /Users/didox/projects/torne-se-programador/desenvolvimento_aplicativos/minha_primeira_aplicacao/Resources/html/bootstrap/js/bootstrap.js => /Users/didox/projects/torne-se-programador/desenvolvimento_aplicativos/minha_primeira_aplicacao/build/android/bin/assets/Resources/html/bootstrap/js/bootstrap.js
[DEBUG]  Symlinking /Users/didox/projects/torne-se-programador/desenvolvimento_aplicativos/minha_primeira_aplicacao/Resources/html/bootstrap/js/bootstrap.min.js => /Users/didox/projects/torne-se-programador/desenvolvimento_aplicativos/minha_primeira_aplicacao/build/android/bin/assets/Resources/html/bootstrap/js/bootstrap.min.js
[DEBUG]  Symlinking /Users/didox/projects/torne-se-programador/desenvolvimento_aplicativos/minha_primeira_aplicacao/Resources/html/bootstrap/js/npm.js => /Users/didox/projects/torne-se-programador/desenvolvimento_aplicativos/minha_primeira_aplicacao/build/android/bin/assets/Resources/html/bootstrap/js/npm.js
[DEBUG]  Symlinking /Users/didox/projects/torne-se-programador/desenvolvimento_aplicativos/minha_primeira_aplicacao/Resources/html/javascripts/ajax.js => /Users/didox/projects/torne-se-programador/desenvolvimento_aplicativos/minha_primeira_aplicacao/build/android/bin/assets/Resources/html/javascripts/ajax.js
[DEBUG]  Symlinking /Users/didox/projects/torne-se-programador/desenvolvimento_aplicativos/minha_primeira_aplicacao/Resources/html/javascripts/index.js => /Users/didox/projects/torne-se-programador/desenvolvimento_aplicativos/minha_primeira_aplicacao/build/android/bin/assets/Resources/html/javascripts/index.js
[DEBUG]  Symlinking /Users/didox/projects/torne-se-programador/desenvolvimento_aplicativos/minha_primeira_aplicacao/Resources/html/javascripts/jquery-1.12.0.js => /Users/didox/projects/torne-se-programador/desenvolvimento_aplicativos/minha_primeira_aplicacao/build/android/bin/assets/Resources/html/javascripts/jquery-1.12.0.js
[DEBUG]  Symlinking /Users/didox/projects/torne-se-programador/desenvolvimento_aplicativos/minha_primeira_aplicacao/Resources/html/javascripts/validacao.js => /Users/didox/projects/torne-se-programador/desenvolvimento_aplicativos/minha_primeira_aplicacao/build/android/bin/assets/Resources/html/javascripts/validacao.js
[DEBUG]  Adding library /Users/didox/Library/Application Support/Titanium/mobilesdk/osx/5.0.3.v20151028143139/android/kroll-v8.jar
[DEBUG]  Adding library /Users/didox/Library/Application Support/Titanium/mobilesdk/osx/5.0.3.v20151028143139/android/modules/titanium-analytics.jar
[DEBUG]  Adding dependency library /Users/didox/Library/Application Support/Titanium/mobilesdk/osx/5.0.3.v20151028143139/android/aps-analytics.jar
[DEBUG]  Adding library /Users/didox/Library/Application Support/Titanium/mobilesdk/osx/5.0.3.v20151028143139/android/modules/titanium-android.jar
[DEBUG]  Adding dependency library /Users/didox/Library/Application Support/Titanium/mobilesdk/osx/5.0.3.v20151028143139/android/jaxen-1.1.1.jar
[DEBUG]  Adding dependency library /Users/didox/Library/Application Support/Titanium/mobilesdk/osx/5.0.3.v20151028143139/android/ti-commons-codec-1.3.jar
[DEBUG]  Adding dependency library /Users/didox/Library/Application Support/Titanium/mobilesdk/osx/5.0.3.v20151028143139/android/kroll-common.jar
[DEBUG]  Adding dependency library /Users/didox/Library/Application Support/Titanium/mobilesdk/osx/5.0.3.v20151028143139/android/titanium.jar
[DEBUG]  Adding library /Users/didox/Library/Application Support/Titanium/mobilesdk/osx/5.0.3.v20151028143139/android/modules/titanium-app.jar
[DEBUG]  Adding library /Users/didox/Library/Application Support/Titanium/mobilesdk/osx/5.0.3.v20151028143139/android/modules/titanium-ui.jar
[DEBUG]  Adding dependency library /Users/didox/Library/Application Support/Titanium/mobilesdk/osx/5.0.3.v20151028143139/android/nineoldandroids-appc-2.4.0.jar
[DEBUG]  Adding library /Users/didox/Library/Application Support/Titanium/mobilesdk/osx/5.0.3.v20151028143139/android/modules/titanium-filesystem.jar
[DEBUG]  Adding library /Users/didox/Library/Application Support/Titanium/mobilesdk/osx/5.0.3.v20151028143139/android/modules/titanium-media.jar
[DEBUG]  Adding library /Users/didox/Library/Application Support/Titanium/mobilesdk/osx/5.0.3.v20151028143139/android/modules/titanium-appcompat.jar
[DEBUG]  Adding dependency library /Users/didox/Library/Application Support/Titanium/mobilesdk/osx/5.0.3.v20151028143139/android/android-support-v4.jar
[DEBUG]  Adding dependency library /Users/didox/Library/Application Support/Titanium/mobilesdk/osx/5.0.3.v20151028143139/android/android-support-v7-appcompat.jar
[DEBUG]  Adding library /Users/didox/Library/Application Support/Titanium/mobilesdk/osx/5.0.3.v20151028143139/android/modules/titanium-locale.jar
[DEBUG]  Adding library /Users/didox/Library/Application Support/Titanium/mobilesdk/osx/5.0.3.v20151028143139/android/modules/titanium-network.jar
[DEBUG]  Adding library /Users/didox/Library/Application Support/Titanium/mobilesdk/osx/5.0.3.v20151028143139/android/modules/titanium-xml.jar
[DEBUG]  Adding library /Users/didox/Library/Application Support/Titanium/mobilesdk/osx/5.0.3.v20151028143139/android/modules/titanium-utils.jar
[DEBUG]  Adding library /Users/didox/Library/Application Support/Titanium/mobilesdk/osx/5.0.3.v20151028143139/android/modules/titanium-geolocation.jar
[DEBUG]  Adding library /Users/didox/Library/Application Support/Titanium/mobilesdk/osx/5.0.3.v20151028143139/android/modules/titanium-accelerometer.jar
[DEBUG]  Adding library /Users/didox/Library/Application Support/Titanium/mobilesdk/osx/5.0.3.v20151028143139/android/modules/titanium-contacts.jar
[DEBUG]  Adding library /Users/didox/Library/Application Support/Titanium/mobilesdk/osx/5.0.3.v20151028143139/android/modules/titanium-map.jar
[DEBUG]  Adding library /Users/didox/Library/Application Support/Titanium/mobilesdk/osx/5.0.3.v20151028143139/android/modules/titanium-gesture.jar
[DEBUG]  Adding library /Users/didox/Library/Application Support/Titanium/mobilesdk/osx/5.0.3.v20151028143139/android/modules/titanium-calendar.jar
[DEBUG]  Adding library /Users/didox/Library/Application Support/Titanium/mobilesdk/osx/5.0.3.v20151028143139/android/modules/titanium-platform.jar
[DEBUG]  Adding library /Users/didox/Library/Application Support/Titanium/mobilesdk/osx/5.0.3.v20151028143139/android/modules/titanium-database.jar
[DEBUG]  Unknown namespace api, skipping
[INFO]   Writing /Users/didox/projects/torne-se-programador/desenvolvimento_aplicativos/minha_primeira_aplicacao/build/android/bin/assets/app.json
[INFO]   Extracting module resources: /Users/didox/Library/Application Support/Titanium/mobilesdk/osx/5.0.3.v20151028143139/android/modules/titanium-analytics.res.zip
[DEBUG]  Copying /var/folders/vx/6bvzsrz13dl429qn9c7szzbr0000gn/T/116522-87243-st7rb3/res/values/strings.xml => /Users/didox/projects/torne-se-programador/desenvolvimento_aplicativos/minha_primeira_aplicacao/build/android/res/values/strings.xml
[INFO]   Extracting module resources: /Users/didox/Library/Application Support/Titanium/mobilesdk/osx/5.0.3.v20151028143139/android/modules/titanium-android.res.zip
[DEBUG]  Merging /var/folders/vx/6bvzsrz13dl429qn9c7szzbr0000gn/T/116522-87243-1lvbpzv/res/values/strings.xml => /Users/didox/projects/torne-se-programador/desenvolvimento_aplicativos/minha_primeira_aplicacao/build/android/res/values/strings.xml
[INFO]   Extracting module resources: /Users/didox/Library/Application Support/Titanium/mobilesdk/osx/5.0.3.v20151028143139/android/modules/titanium-app.res.zip
[DEBUG]  Merging /var/folders/vx/6bvzsrz13dl429qn9c7szzbr0000gn/T/116522-87243-p7welf/res/values/strings.xml => /Users/didox/projects/torne-se-programador/desenvolvimento_aplicativos/minha_primeira_aplicacao/build/android/res/values/strings.xml
[INFO]   Extracting module resources: /Users/didox/Library/Application Support/Titanium/mobilesdk/osx/5.0.3.v20151028143139/android/modules/titanium-filesystem.res.zip
[DEBUG]  Merging /var/folders/vx/6bvzsrz13dl429qn9c7szzbr0000gn/T/116522-87243-1ryumnv/res/values/strings.xml => /Users/didox/projects/torne-se-programador/desenvolvimento_aplicativos/minha_primeira_aplicacao/build/android/res/values/strings.xml
[INFO]   Extracting module resources: /Users/didox/Library/Application Support/Titanium/mobilesdk/osx/5.0.3.v20151028143139/android/modules/titanium-media.res.zip
[DEBUG]  Merging /var/folders/vx/6bvzsrz13dl429qn9c7szzbr0000gn/T/116522-87243-a2zi5/res/values/strings.xml => /Users/didox/projects/torne-se-programador/desenvolvimento_aplicativos/minha_primeira_aplicacao/build/android/res/values/strings.xml
[INFO]   Extracting module resources: /Users/didox/Library/Application Support/Titanium/mobilesdk/osx/5.0.3.v20151028143139/android/modules/titanium-locale.res.zip
[DEBUG]  Merging /var/folders/vx/6bvzsrz13dl429qn9c7szzbr0000gn/T/116522-87243-dbvfzr/res/values/strings.xml => /Users/didox/projects/torne-se-programador/desenvolvimento_aplicativos/minha_primeira_aplicacao/build/android/res/values/strings.xml
[INFO]   Extracting module resources: /Users/didox/Library/Application Support/Titanium/mobilesdk/osx/5.0.3.v20151028143139/android/modules/titanium-network.res.zip
[DEBUG]  Merging /var/folders/vx/6bvzsrz13dl429qn9c7szzbr0000gn/T/116522-87243-1xdx384/res/values/strings.xml => /Users/didox/projects/torne-se-programador/desenvolvimento_aplicativos/minha_primeira_aplicacao/build/android/res/values/strings.xml
[INFO]   Extracting module resources: /Users/didox/Library/Application Support/Titanium/mobilesdk/osx/5.0.3.v20151028143139/android/modules/titanium-xml.res.zip
[DEBUG]  Merging /var/folders/vx/6bvzsrz13dl429qn9c7szzbr0000gn/T/116522-87243-1kntg90/res/values/strings.xml => /Users/didox/projects/torne-se-programador/desenvolvimento_aplicativos/minha_primeira_aplicacao/build/android/res/values/strings.xml
[INFO]   Extracting module resources: /Users/didox/Library/Application Support/Titanium/mobilesdk/osx/5.0.3.v20151028143139/android/modules/titanium-utils.res.zip
[DEBUG]  Merging /var/folders/vx/6bvzsrz13dl429qn9c7szzbr0000gn/T/116522-87243-18g1n1d/res/values/strings.xml => /Users/didox/projects/torne-se-programador/desenvolvimento_aplicativos/minha_primeira_aplicacao/build/android/res/values/strings.xml
[INFO]   Extracting module resources: /Users/didox/Library/Application Support/Titanium/mobilesdk/osx/5.0.3.v20151028143139/android/modules/titanium-geolocation.res.zip
[DEBUG]  Merging /var/folders/vx/6bvzsrz13dl429qn9c7szzbr0000gn/T/116522-87243-1vmpmwb/res/values/strings.xml => /Users/didox/projects/torne-se-programador/desenvolvimento_aplicativos/minha_primeira_aplicacao/build/android/res/values/strings.xml
[INFO]   Extracting module resources: /Users/didox/Library/Application Support/Titanium/mobilesdk/osx/5.0.3.v20151028143139/android/modules/titanium-accelerometer.res.zip
[DEBUG]  Merging /var/folders/vx/6bvzsrz13dl429qn9c7szzbr0000gn/T/116522-87243-zsvwqt/res/values/strings.xml => /Users/didox/projects/torne-se-programador/desenvolvimento_aplicativos/minha_primeira_aplicacao/build/android/res/values/strings.xml
[INFO]   Extracting module resources: /Users/didox/Library/Application Support/Titanium/mobilesdk/osx/5.0.3.v20151028143139/android/modules/titanium-contacts.res.zip
[DEBUG]  Merging /var/folders/vx/6bvzsrz13dl429qn9c7szzbr0000gn/T/116522-87243-qmvcd9/res/values/strings.xml => /Users/didox/projects/torne-se-programador/desenvolvimento_aplicativos/minha_primeira_aplicacao/build/android/res/values/strings.xml
[INFO]   Extracting module resources: /Users/didox/Library/Application Support/Titanium/mobilesdk/osx/5.0.3.v20151028143139/android/modules/titanium-map.res.zip
[DEBUG]  Merging /var/folders/vx/6bvzsrz13dl429qn9c7szzbr0000gn/T/116522-87243-1w1gblx/res/values/strings.xml => /Users/didox/projects/torne-se-programador/desenvolvimento_aplicativos/minha_primeira_aplicacao/build/android/res/values/strings.xml
[INFO]   Extracting module resources: /Users/didox/Library/Application Support/Titanium/mobilesdk/osx/5.0.3.v20151028143139/android/modules/titanium-gesture.res.zip
[DEBUG]  Merging /var/folders/vx/6bvzsrz13dl429qn9c7szzbr0000gn/T/116522-87243-13490p9/res/values/strings.xml => /Users/didox/projects/torne-se-programador/desenvolvimento_aplicativos/minha_primeira_aplicacao/build/android/res/values/strings.xml
[INFO]   Extracting module resources: /Users/didox/Library/Application Support/Titanium/mobilesdk/osx/5.0.3.v20151028143139/android/modules/titanium-calendar.res.zip
[DEBUG]  Merging /var/folders/vx/6bvzsrz13dl429qn9c7szzbr0000gn/T/116522-87243-l7xsyo/res/values/strings.xml => /Users/didox/projects/torne-se-programador/desenvolvimento_aplicativos/minha_primeira_aplicacao/build/android/res/values/strings.xml
[INFO]   Extracting module resources: /Users/didox/Library/Application Support/Titanium/mobilesdk/osx/5.0.3.v20151028143139/android/modules/titanium-platform.res.zip
[DEBUG]  Merging /var/folders/vx/6bvzsrz13dl429qn9c7szzbr0000gn/T/116522-87243-1wol4sb/res/values/strings.xml => /Users/didox/projects/torne-se-programador/desenvolvimento_aplicativos/minha_primeira_aplicacao/build/android/res/values/strings.xml
[INFO]   Extracting module resources: /Users/didox/Library/Application Support/Titanium/mobilesdk/osx/5.0.3.v20151028143139/android/modules/titanium-database.res.zip
[DEBUG]  Merging /var/folders/vx/6bvzsrz13dl429qn9c7szzbr0000gn/T/116522-87243-1pxte6x/res/values/strings.xml => /Users/didox/projects/torne-se-programador/desenvolvimento_aplicativos/minha_primeira_aplicacao/build/android/res/values/strings.xml
[DEBUG]  Copying template /Users/didox/Library/Application Support/Titanium/mobilesdk/osx/5.0.3.v20151028143139/android/templates/build/AppInfo.java => /Users/didox/projects/torne-se-programador/desenvolvimento_aplicativos/minha_primeira_aplicacao/build/android/gen/com/didox/MinhaPrimeiraAplicacao/Minha_primeira_aplicacaoAppInfo.java
[DEBUG]  Copying template /Users/didox/Library/Application Support/Titanium/mobilesdk/osx/5.0.3.v20151028143139/android/templates/build/App.java => /Users/didox/projects/torne-se-programador/desenvolvimento_aplicativos/minha_primeira_aplicacao/build/android/gen/com/didox/MinhaPrimeiraAplicacao/Minha_primeira_aplicacaoApplication.java
[DEBUG]  Copying template /Users/didox/Library/Application Support/Titanium/mobilesdk/osx/5.0.3.v20151028143139/android/templates/build/Activity.java => /Users/didox/projects/torne-se-programador/desenvolvimento_aplicativos/minha_primeira_aplicacao/build/android/gen/com/didox/MinhaPrimeiraAplicacao/Minha_primeira_aplicacaoActivity.java
[DEBUG]  Copying template /Users/didox/Library/Application Support/Titanium/mobilesdk/osx/5.0.3.v20151028143139/android/templates/build/project => /Users/didox/projects/torne-se-programador/desenvolvimento_aplicativos/minha_primeira_aplicacao/build/android/.project
[DEBUG]  Copying template /Users/didox/Library/Application Support/Titanium/mobilesdk/osx/5.0.3.v20151028143139/android/templates/build/default.properties => /Users/didox/projects/torne-se-programador/desenvolvimento_aplicativos/minha_primeira_aplicacao/build/android/default.properties
[DEBUG]  Copying /Users/didox/Library/Application Support/Titanium/mobilesdk/osx/5.0.3.v20151028143139/android/templates/build/gitignore => /Users/didox/projects/torne-se-programador/desenvolvimento_aplicativos/minha_primeira_aplicacao/build/android/.gitignore
[DEBUG]  Copying /Users/didox/Library/Application Support/Titanium/mobilesdk/osx/5.0.3.v20151028143139/android/templates/build/classpath => /Users/didox/projects/torne-se-programador/desenvolvimento_aplicativos/minha_primeira_aplicacao/build/android/.classpath
[INFO]   No aidl files to compile, continuing
[INFO]   Generating i18n files
[DEBUG]  Merging en strings => /Users/didox/projects/torne-se-programador/desenvolvimento_aplicativos/minha_primeira_aplicacao/build/android/res/values/strings.xml
[INFO]   Generating /Users/didox/projects/torne-se-programador/desenvolvimento_aplicativos/minha_primeira_aplicacao/build/android/res/values/theme.xml
[INFO]   Packaging application: /Users/didox/Library/android-sdk-macosx/build-tools/23.0.0/aapt "package" "-f" "-m" "-J" "/Users/didox/projects/torne-se-programador/desenvolvimento_aplicativos/minha_primeira_aplicacao/build/android/gen" "-M" "/Users/didox/projects/torne-se-programador/desenvolvimento_aplicativos/minha_primeira_aplicacao/build/android/AndroidManifest.xml" "-A" "/Users/didox/projects/torne-se-programador/desenvolvimento_aplicativos/minha_primeira_aplicacao/build/android/bin/assets" "-S" "/Users/didox/projects/torne-se-programador/desenvolvimento_aplicativos/minha_primeira_aplicacao/build/android/res" "-I" "/Users/didox/Library/android-sdk-macosx/platforms/android-21/android.jar" "-F" "/Users/didox/projects/torne-se-programador/desenvolvimento_aplicativos/minha_primeira_aplicacao/build/android/bin/app.ap_" "--auto-add-overlay" "--extra-packages" "ti.modules.titanium.ui:android.support.v7.appcompat" "-S" "/var/folders/vx/6bvzsrz13dl429qn9c7szzbr0000gn/T/116522-87243-fd3thz/res" "-S" "/var/folders/vx/6bvzsrz13dl429qn9c7szzbr0000gn/T/116522-87243-14krgck/res"
[INFO]   Building Java source files: /Library/Java/JavaVirtualMachines/jdk1.8.0_60.jdk/Contents/Home/bin/javac "-J-Xmx256M" "-encoding" "utf8" "-bootclasspath" "/Users/didox/Library/android-sdk-macosx/platforms/android-21/android.jar:/Users/didox/Library/Application Support/Titanium/mobilesdk/osx/5.0.3.v20151028143139/android/kroll-v8.jar:/Users/didox/Library/Application Support/Titanium/mobilesdk/osx/5.0.3.v20151028143139/android/modules/titanium-analytics.jar:/Users/didox/Library/Application Support/Titanium/mobilesdk/osx/5.0.3.v20151028143139/android/aps-analytics.jar:/Users/didox/Library/Application Support/Titanium/mobilesdk/osx/5.0.3.v20151028143139/android/modules/titanium-android.jar:/Users/didox/Library/Application Support/Titanium/mobilesdk/osx/5.0.3.v20151028143139/android/jaxen-1.1.1.jar:/Users/didox/Library/Application Support/Titanium/mobilesdk/osx/5.0.3.v20151028143139/android/ti-commons-codec-1.3.jar:/Users/didox/Library/Application Support/Titanium/mobilesdk/osx/5.0.3.v20151028143139/android/kroll-common.jar:/Users/didox/Library/Application Support/Titanium/mobilesdk/osx/5.0.3.v20151028143139/android/titanium.jar:/Users/didox/Library/Application Support/Titanium/mobilesdk/osx/5.0.3.v20151028143139/android/modules/titanium-app.jar:/Users/didox/Library/Application Support/Titanium/mobilesdk/osx/5.0.3.v20151028143139/android/modules/titanium-ui.jar:/Users/didox/Library/Application Support/Titanium/mobilesdk/osx/5.0.3.v20151028143139/android/nineoldandroids-appc-2.4.0.jar:/Users/didox/Library/Application Support/Titanium/mobilesdk/osx/5.0.3.v20151028143139/android/modules/titanium-filesystem.jar:/Users/didox/Library/Application Support/Titanium/mobilesdk/osx/5.0.3.v20151028143139/android/modules/titanium-media.jar:/Users/didox/Library/Application Support/Titanium/mobilesdk/osx/5.0.3.v20151028143139/android/modules/titanium-appcompat.jar:/Users/didox/Library/Application Support/Titanium/mobilesdk/osx/5.0.3.v20151028143139/android/android-support-v4.jar:/Users/didox/Library/Application Support/Titanium/mobilesdk/osx/5.0.3.v20151028143139/android/android-support-v7-appcompat.jar:/Users/didox/Library/Application Support/Titanium/mobilesdk/osx/5.0.3.v20151028143139/android/modules/titanium-locale.jar:/Users/didox/Library/Application Support/Titanium/mobilesdk/osx/5.0.3.v20151028143139/android/modules/titanium-network.jar:/Users/didox/Library/Application Support/Titanium/mobilesdk/osx/5.0.3.v20151028143139/android/modules/titanium-xml.jar:/Users/didox/Library/Application Support/Titanium/mobilesdk/osx/5.0.3.v20151028143139/android/modules/titanium-utils.jar:/Users/didox/Library/Application Support/Titanium/mobilesdk/osx/5.0.3.v20151028143139/android/modules/titanium-geolocation.jar:/Users/didox/Library/Application Support/Titanium/mobilesdk/osx/5.0.3.v20151028143139/android/modules/titanium-accelerometer.jar:/Users/didox/Library/Application Support/Titanium/mobilesdk/osx/5.0.3.v20151028143139/android/modules/titanium-contacts.jar:/Users/didox/Library/Application Support/Titanium/mobilesdk/osx/5.0.3.v20151028143139/android/modules/titanium-map.jar:/Users/didox/Library/Application Support/Titanium/mobilesdk/osx/5.0.3.v20151028143139/android/modules/titanium-gesture.jar:/Users/didox/Library/Application Support/Titanium/mobilesdk/osx/5.0.3.v20151028143139/android/modules/titanium-calendar.jar:/Users/didox/Library/Application Support/Titanium/mobilesdk/osx/5.0.3.v20151028143139/android/modules/titanium-platform.jar:/Users/didox/Library/Application Support/Titanium/mobilesdk/osx/5.0.3.v20151028143139/android/modules/titanium-database.jar:/Users/didox/Library/Application Support/Titanium/modules/android/ti.admob/2.1.6/admob.jar:/Users/didox/Library/Application Support/Titanium/modules/android/ti.admob/2.1.6/lib/google-play-services-ads.jar:/Users/didox/Library/Application Support/Titanium/modules/android/ti.admob/2.1.6/lib/google-play-services-base.jar:/Users/didox/Library/Application Support/Titanium/mobilesdk/osx/5.0.3.v20151028143139/android/kroll-apt.jar:/Users/didox/Library/Application Support/Titanium/mobilesdk/osx/5.0.3.v20151028143139/android/lib/titanium-verify.jar:R.class:Minha_primeira_aplicacaoActivity.class:Minha_primeira_aplicacaoAppInfo.class:Minha_primeira_aplicacaoApplication.class" "-d" "/Users/didox/projects/torne-se-programador/desenvolvimento_aplicativos/minha_primeira_aplicacao/build/android/bin/classes" "-proc:none" "-target" "1.6" "-source" "1.6" "@/Users/didox/projects/torne-se-programador/desenvolvimento_aplicativos/minha_primeira_aplicacao/build/android/java-sources.txt"
[INFO]   Running dexer: /Library/Java/JavaVirtualMachines/jdk1.8.0_60.jdk/Contents/Home/bin/java "-Xmx1024M" "-XX:-UseGCOverheadLimit" "-Djava.ext.dirs=/Users/didox/Library/android-sdk-macosx/platform-tools" "-jar" "/Users/didox/Library/android-sdk-macosx/build-tools/23.0.0/lib/dx.jar" "--dex" "--output=/Users/didox/projects/torne-se-programador/desenvolvimento_aplicativos/minha_primeira_aplicacao/build/android/bin/classes.dex" "/Users/didox/projects/torne-se-programador/desenvolvimento_aplicativos/minha_primeira_aplicacao/build/android/bin/classes" "/Users/didox/Library/Application Support/Titanium/mobilesdk/osx/5.0.3.v20151028143139/android/lib/titanium-verify.jar" "/Users/didox/Library/Application Support/Titanium/modules/android/ti.admob/2.1.6/admob.jar" "/Users/didox/Library/Application Support/Titanium/modules/android/ti.admob/2.1.6/lib/google-play-services-ads.jar" "/Users/didox/Library/Application Support/Titanium/modules/android/ti.admob/2.1.6/lib/google-play-services-base.jar" "/Users/didox/Library/Application Support/Titanium/mobilesdk/osx/5.0.3.v20151028143139/android/kroll-v8.jar" "/Users/didox/Library/Application Support/Titanium/mobilesdk/osx/5.0.3.v20151028143139/android/modules/titanium-analytics.jar" "/Users/didox/Library/Application Support/Titanium/mobilesdk/osx/5.0.3.v20151028143139/android/aps-analytics.jar" "/Users/didox/Library/Application Support/Titanium/mobilesdk/osx/5.0.3.v20151028143139/android/modules/titanium-android.jar" "/Users/didox/Library/Application Support/Titanium/mobilesdk/osx/5.0.3.v20151028143139/android/jaxen-1.1.1.jar" "/Users/didox/Library/Application Support/Titanium/mobilesdk/osx/5.0.3.v20151028143139/android/ti-commons-codec-1.3.jar" "/Users/didox/Library/Application Support/Titanium/mobilesdk/osx/5.0.3.v20151028143139/android/kroll-common.jar" "/Users/didox/Library/Application Support/Titanium/mobilesdk/osx/5.0.3.v20151028143139/android/titanium.jar" "/Users/didox/Library/Application Support/Titanium/mobilesdk/osx/5.0.3.v20151028143139/android/modules/titanium-app.jar" "/Users/didox/Library/Application Support/Titanium/mobilesdk/osx/5.0.3.v20151028143139/android/modules/titanium-ui.jar" "/Users/didox/Library/Application Support/Titanium/mobilesdk/osx/5.0.3.v20151028143139/android/nineoldandroids-appc-2.4.0.jar" "/Users/didox/Library/Application Support/Titanium/mobilesdk/osx/5.0.3.v20151028143139/android/modules/titanium-filesystem.jar" "/Users/didox/Library/Application Support/Titanium/mobilesdk/osx/5.0.3.v20151028143139/android/modules/titanium-media.jar" "/Users/didox/Library/Application Support/Titanium/mobilesdk/osx/5.0.3.v20151028143139/android/modules/titanium-appcompat.jar" "/Users/didox/Library/Application Support/Titanium/mobilesdk/osx/5.0.3.v20151028143139/android/android-support-v4.jar" "/Users/didox/Library/Application Support/Titanium/mobilesdk/osx/5.0.3.v20151028143139/android/android-support-v7-appcompat.jar" "/Users/didox/Library/Application Support/Titanium/mobilesdk/osx/5.0.3.v20151028143139/android/modules/titanium-locale.jar" "/Users/didox/Library/Application Support/Titanium/mobilesdk/osx/5.0.3.v20151028143139/android/modules/titanium-network.jar" "/Users/didox/Library/Application Support/Titanium/mobilesdk/osx/5.0.3.v20151028143139/android/modules/titanium-xml.jar" "/Users/didox/Library/Application Support/Titanium/mobilesdk/osx/5.0.3.v20151028143139/android/modules/titanium-utils.jar" "/Users/didox/Library/Application Support/Titanium/mobilesdk/osx/5.0.3.v20151028143139/android/modules/titanium-geolocation.jar" "/Users/didox/Library/Application Support/Titanium/mobilesdk/osx/5.0.3.v20151028143139/android/modules/titanium-accelerometer.jar" "/Users/didox/Library/Application Support/Titanium/mobilesdk/osx/5.0.3.v20151028143139/android/modules/titanium-contacts.jar" "/Users/didox/Library/Application Support/Titanium/mobilesdk/osx/5.0.3.v20151028143139/android/modules/titanium-map.jar" "/Users/didox/Library/Application Support/Titanium/mobilesdk/osx/5.0.3.v20151028143139/android/modules/titanium-gesture.jar" "/Users/didox/Library/Application Support/Titanium/mobilesdk/osx/5.0.3.v20151028143139/android/modules/titanium-calendar.jar" "/Users/didox/Library/Application Support/Titanium/mobilesdk/osx/5.0.3.v20151028143139/android/modules/titanium-platform.jar" "/Users/didox/Library/Application Support/Titanium/mobilesdk/osx/5.0.3.v20151028143139/android/modules/titanium-database.jar"
[INFO]   Creating unsigned apk
[DEBUG]  Processing /Users/didox/projects/torne-se-programador/desenvolvimento_aplicativos/minha_primeira_aplicacao/build/android/bin/app.ap_
[DEBUG]  Deflating AndroidManifest.xml
[DEBUG]  Adding assets/Resources/KS_nav_ui.png
[DEBUG]  Adding assets/Resources/KS_nav_views.png
[DEBUG]  Deflating assets/Resources/_app_props_.json
[DEBUG]  Deflating assets/Resources/app.js
[DEBUG]  Adding assets/Resources/appicon.png
[DEBUG]  Deflating assets/Resources/html/alterar.html
[DEBUG]  Deflating assets/Resources/html/bootstrap/css/bootstrap-theme.css
[DEBUG]  Deflating assets/Resources/html/bootstrap/css/bootstrap-theme.css.map
[DEBUG]  Deflating assets/Resources/html/bootstrap/css/bootstrap-theme.min.css
[DEBUG]  Deflating assets/Resources/html/bootstrap/css/bootstrap-theme.min.css.map
[DEBUG]  Deflating assets/Resources/html/bootstrap/css/bootstrap.css
[DEBUG]  Deflating assets/Resources/html/bootstrap/css/bootstrap.css.map
[DEBUG]  Deflating assets/Resources/html/bootstrap/css/bootstrap.min.css
[DEBUG]  Deflating assets/Resources/html/bootstrap/css/bootstrap.min.css.map
[DEBUG]  Deflating assets/Resources/html/bootstrap/fonts/glyphicons-halflings-regular.eot
[DEBUG]  Deflating assets/Resources/html/bootstrap/fonts/glyphicons-halflings-regular.svg
[DEBUG]  Deflating assets/Resources/html/bootstrap/fonts/glyphicons-halflings-regular.ttf
[DEBUG]  Deflating assets/Resources/html/bootstrap/fonts/glyphicons-halflings-regular.woff
[DEBUG]  Deflating assets/Resources/html/bootstrap/fonts/glyphicons-halflings-regular.woff2
[DEBUG]  Deflating assets/Resources/html/bootstrap/js/bootstrap.js
[DEBUG]  Deflating assets/Resources/html/bootstrap/js/bootstrap.min.js
[DEBUG]  Deflating assets/Resources/html/bootstrap/js/npm.js
[DEBUG]  Deflating assets/Resources/html/index.html
[DEBUG]  Deflating assets/Resources/html/javascripts/ajax.js
[DEBUG]  Deflating assets/Resources/html/javascripts/index.js
[DEBUG]  Deflating assets/Resources/html/javascripts/jquery-1.12.0.js
[DEBUG]  Deflating assets/Resources/html/javascripts/validacao.js
[DEBUG]  Deflating assets/Resources/html/stylesheets/style.css
[DEBUG]  Deflating assets/app.json
[DEBUG]  Deflating assets/index.json
[DEBUG]  Deflating res/anim/abc_fade_in.xml
[DEBUG]  Deflating res/anim/abc_fade_out.xml
[DEBUG]  Deflating res/anim/abc_grow_fade_in_from_bottom.xml
[DEBUG]  Deflating res/anim/abc_popup_enter.xml
[DEBUG]  Deflating res/anim/abc_popup_exit.xml
[DEBUG]  Deflating res/anim/abc_shrink_fade_out_from_bottom.xml
[DEBUG]  Deflating res/anim/abc_slide_in_bottom.xml
[DEBUG]  Deflating res/anim/abc_slide_in_top.xml
[DEBUG]  Deflating res/anim/abc_slide_out_bottom.xml
[DEBUG]  Deflating res/anim/abc_slide_out_top.xml
[DEBUG]  Deflating res/color-v11/abc_background_cache_hint_selector_material_dark.xml
[DEBUG]  Deflating res/color-v11/abc_background_cache_hint_selector_material_light.xml
[DEBUG]  Deflating res/color/abc_background_cache_hint_selector_material_dark.xml
[DEBUG]  Deflating res/color/abc_background_cache_hint_selector_material_light.xml
[DEBUG]  Deflating res/color/abc_primary_text_disable_only_material_dark.xml
[DEBUG]  Deflating res/color/abc_primary_text_disable_only_material_light.xml
[DEBUG]  Deflating res/color/abc_primary_text_material_dark.xml
[DEBUG]  Deflating res/color/abc_primary_text_material_light.xml
[DEBUG]  Deflating res/color/abc_search_url_text.xml
[DEBUG]  Deflating res/color/abc_secondary_text_material_dark.xml
[DEBUG]  Deflating res/color/abc_secondary_text_material_light.xml
[DEBUG]  Deflating res/color/switch_thumb_material_dark.xml
[DEBUG]  Deflating res/color/switch_thumb_material_light.xml
[DEBUG]  Adding res/drawable-hdpi-v4/abc_ab_share_pack_mtrl_alpha.9.png
[DEBUG]  Adding res/drawable-hdpi-v4/abc_btn_check_to_on_mtrl_000.png
[DEBUG]  Adding res/drawable-hdpi-v4/abc_btn_check_to_on_mtrl_015.png
[DEBUG]  Adding res/drawable-hdpi-v4/abc_btn_radio_to_on_mtrl_000.png
[DEBUG]  Adding res/drawable-hdpi-v4/abc_btn_radio_to_on_mtrl_015.png
[DEBUG]  Adding res/drawable-hdpi-v4/abc_btn_rating_star_off_mtrl_alpha.png
[DEBUG]  Adding res/drawable-hdpi-v4/abc_btn_rating_star_on_mtrl_alpha.png
[DEBUG]  Adding res/drawable-hdpi-v4/abc_btn_switch_to_on_mtrl_00001.9.png
[DEBUG]  Adding res/drawable-hdpi-v4/abc_btn_switch_to_on_mtrl_00012.9.png
[DEBUG]  Adding res/drawable-hdpi-v4/abc_cab_background_top_mtrl_alpha.9.png
[DEBUG]  Adding res/drawable-hdpi-v4/abc_ic_ab_back_mtrl_am_alpha.png
[DEBUG]  Adding res/drawable-hdpi-v4/abc_ic_clear_mtrl_alpha.png
[DEBUG]  Adding res/drawable-hdpi-v4/abc_ic_commit_search_api_mtrl_alpha.png
[DEBUG]  Adding res/drawable-hdpi-v4/abc_ic_go_search_api_mtrl_alpha.png
[DEBUG]  Adding res/drawable-hdpi-v4/abc_ic_menu_copy_mtrl_am_alpha.png
[DEBUG]  Adding res/drawable-hdpi-v4/abc_ic_menu_cut_mtrl_alpha.png
[DEBUG]  Adding res/drawable-hdpi-v4/abc_ic_menu_moreoverflow_mtrl_alpha.png
[DEBUG]  Adding res/drawable-hdpi-v4/abc_ic_menu_paste_mtrl_am_alpha.png
[DEBUG]  Adding res/drawable-hdpi-v4/abc_ic_menu_selectall_mtrl_alpha.png
[DEBUG]  Adding res/drawable-hdpi-v4/abc_ic_menu_share_mtrl_alpha.png
[DEBUG]  Adding res/drawable-hdpi-v4/abc_ic_search_api_mtrl_alpha.png
[DEBUG]  Adding res/drawable-hdpi-v4/abc_ic_voice_search_api_mtrl_alpha.png
[DEBUG]  Adding res/drawable-hdpi-v4/abc_list_divider_mtrl_alpha.9.png
[DEBUG]  Adding res/drawable-hdpi-v4/abc_list_focused_holo.9.png
[DEBUG]  Adding res/drawable-hdpi-v4/abc_list_longpressed_holo.9.png
[DEBUG]  Adding res/drawable-hdpi-v4/abc_list_pressed_holo_dark.9.png
[DEBUG]  Adding res/drawable-hdpi-v4/abc_list_pressed_holo_light.9.png
[DEBUG]  Adding res/drawable-hdpi-v4/abc_list_selector_disabled_holo_dark.9.png
[DEBUG]  Adding res/drawable-hdpi-v4/abc_list_selector_disabled_holo_light.9.png
[DEBUG]  Adding res/drawable-hdpi-v4/abc_menu_hardkey_panel_mtrl_mult.9.png
[DEBUG]  Adding res/drawable-hdpi-v4/abc_popup_background_mtrl_mult.9.png
[DEBUG]  Adding res/drawable-hdpi-v4/abc_spinner_mtrl_am_alpha.9.png
[DEBUG]  Adding res/drawable-hdpi-v4/abc_switch_track_mtrl_alpha.9.png
[DEBUG]  Adding res/drawable-hdpi-v4/abc_tab_indicator_mtrl_alpha.9.png
[DEBUG]  Adding res/drawable-hdpi-v4/abc_text_cursor_mtrl_alpha.9.png
[DEBUG]  Adding res/drawable-hdpi-v4/abc_textfield_activated_mtrl_alpha.9.png
[DEBUG]  Adding res/drawable-hdpi-v4/abc_textfield_default_mtrl_alpha.9.png
[DEBUG]  Adding res/drawable-hdpi-v4/abc_textfield_search_activated_mtrl_alpha.9.png
[DEBUG]  Adding res/drawable-hdpi-v4/abc_textfield_search_default_mtrl_alpha.9.png
[DEBUG]  Adding res/drawable-ldrtl-hdpi-v4/abc_ic_ab_back_mtrl_am_alpha.png
[DEBUG]  Adding res/drawable-ldrtl-hdpi-v4/abc_ic_menu_copy_mtrl_am_alpha.png
[DEBUG]  Adding res/drawable-ldrtl-hdpi-v4/abc_ic_menu_cut_mtrl_alpha.png
[DEBUG]  Adding res/drawable-ldrtl-hdpi-v4/abc_spinner_mtrl_am_alpha.9.png
[DEBUG]  Adding res/drawable-ldrtl-mdpi-v4/abc_ic_ab_back_mtrl_am_alpha.png
[DEBUG]  Adding res/drawable-ldrtl-mdpi-v4/abc_ic_menu_copy_mtrl_am_alpha.png
[DEBUG]  Adding res/drawable-ldrtl-mdpi-v4/abc_ic_menu_cut_mtrl_alpha.png
[DEBUG]  Adding res/drawable-ldrtl-mdpi-v4/abc_spinner_mtrl_am_alpha.9.png
[DEBUG]  Adding res/drawable-ldrtl-xhdpi-v4/abc_ic_ab_back_mtrl_am_alpha.png
[DEBUG]  Adding res/drawable-ldrtl-xhdpi-v4/abc_ic_menu_copy_mtrl_am_alpha.png
[DEBUG]  Adding res/drawable-ldrtl-xhdpi-v4/abc_ic_menu_cut_mtrl_alpha.png
[DEBUG]  Adding res/drawable-ldrtl-xhdpi-v4/abc_spinner_mtrl_am_alpha.9.png
[DEBUG]  Adding res/drawable-ldrtl-xxhdpi-v4/abc_ic_ab_back_mtrl_am_alpha.png
[DEBUG]  Adding res/drawable-ldrtl-xxhdpi-v4/abc_ic_menu_copy_mtrl_am_alpha.png
[DEBUG]  Adding res/drawable-ldrtl-xxhdpi-v4/abc_ic_menu_cut_mtrl_alpha.png
[DEBUG]  Adding res/drawable-ldrtl-xxhdpi-v4/abc_spinner_mtrl_am_alpha.9.png
[DEBUG]  Adding res/drawable-ldrtl-xxxhdpi-v4/abc_ic_ab_back_mtrl_am_alpha.png
[DEBUG]  Adding res/drawable-ldrtl-xxxhdpi-v4/abc_ic_menu_copy_mtrl_am_alpha.png
[DEBUG]  Adding res/drawable-ldrtl-xxxhdpi-v4/abc_ic_menu_cut_mtrl_alpha.png
[DEBUG]  Adding res/drawable-ldrtl-xxxhdpi-v4/abc_spinner_mtrl_am_alpha.9.png
[DEBUG]  Adding res/drawable-long-land-hdpi-v4/background.png
[DEBUG]  Adding res/drawable-long-land-ldpi-v4/background.png
[DEBUG]  Adding res/drawable-long-port-hdpi-v4/background.png
[DEBUG]  Adding res/drawable-long-port-ldpi-v4/background.png
[DEBUG]  Adding res/drawable-mdpi-v4/abc_ab_share_pack_mtrl_alpha.9.png
[DEBUG]  Adding res/drawable-mdpi-v4/abc_btn_check_to_on_mtrl_000.png
[DEBUG]  Adding res/drawable-mdpi-v4/abc_btn_check_to_on_mtrl_015.png
[DEBUG]  Adding res/drawable-mdpi-v4/abc_btn_radio_to_on_mtrl_000.png
[DEBUG]  Adding res/drawable-mdpi-v4/abc_btn_radio_to_on_mtrl_015.png
[DEBUG]  Adding res/drawable-mdpi-v4/abc_btn_rating_star_off_mtrl_alpha.png
[DEBUG]  Adding res/drawable-mdpi-v4/abc_btn_rating_star_on_mtrl_alpha.png
[DEBUG]  Adding res/drawable-mdpi-v4/abc_btn_switch_to_on_mtrl_00001.9.png
[DEBUG]  Adding res/drawable-mdpi-v4/abc_btn_switch_to_on_mtrl_00012.9.png
[DEBUG]  Adding res/drawable-mdpi-v4/abc_cab_background_top_mtrl_alpha.9.png
[DEBUG]  Adding res/drawable-mdpi-v4/abc_ic_ab_back_mtrl_am_alpha.png
[DEBUG]  Adding res/drawable-mdpi-v4/abc_ic_clear_mtrl_alpha.png
[DEBUG]  Adding res/drawable-mdpi-v4/abc_ic_commit_search_api_mtrl_alpha.png
[DEBUG]  Adding res/drawable-mdpi-v4/abc_ic_go_search_api_mtrl_alpha.png
[DEBUG]  Adding res/drawable-mdpi-v4/abc_ic_menu_copy_mtrl_am_alpha.png
[DEBUG]  Adding res/drawable-mdpi-v4/abc_ic_menu_cut_mtrl_alpha.png
[DEBUG]  Adding res/drawable-mdpi-v4/abc_ic_menu_moreoverflow_mtrl_alpha.png
[DEBUG]  Adding res/drawable-mdpi-v4/abc_ic_menu_paste_mtrl_am_alpha.png
[DEBUG]  Adding res/drawable-mdpi-v4/abc_ic_menu_selectall_mtrl_alpha.png
[DEBUG]  Adding res/drawable-mdpi-v4/abc_ic_menu_share_mtrl_alpha.png
[DEBUG]  Adding res/drawable-mdpi-v4/abc_ic_search_api_mtrl_alpha.png
[DEBUG]  Adding res/drawable-mdpi-v4/abc_ic_voice_search_api_mtrl_alpha.png
[DEBUG]  Adding res/drawable-mdpi-v4/abc_list_divider_mtrl_alpha.9.png
[DEBUG]  Adding res/drawable-mdpi-v4/abc_list_focused_holo.9.png
[DEBUG]  Adding res/drawable-mdpi-v4/abc_list_longpressed_holo.9.png
[DEBUG]  Adding res/drawable-mdpi-v4/abc_list_pressed_holo_dark.9.png
[DEBUG]  Adding res/drawable-mdpi-v4/abc_list_pressed_holo_light.9.png
[DEBUG]  Adding res/drawable-mdpi-v4/abc_list_selector_disabled_holo_dark.9.png
[DEBUG]  Adding res/drawable-mdpi-v4/abc_list_selector_disabled_holo_light.9.png
[DEBUG]  Adding res/drawable-mdpi-v4/abc_menu_hardkey_panel_mtrl_mult.9.png
[DEBUG]  Adding res/drawable-mdpi-v4/abc_popup_background_mtrl_mult.9.png
[DEBUG]  Adding res/drawable-mdpi-v4/abc_spinner_mtrl_am_alpha.9.png
[DEBUG]  Adding res/drawable-mdpi-v4/abc_switch_track_mtrl_alpha.9.png
[DEBUG]  Adding res/drawable-mdpi-v4/abc_tab_indicator_mtrl_alpha.9.png
[DEBUG]  Adding res/drawable-mdpi-v4/abc_text_cursor_mtrl_alpha.9.png
[DEBUG]  Adding res/drawable-mdpi-v4/abc_textfield_activated_mtrl_alpha.9.png
[DEBUG]  Adding res/drawable-mdpi-v4/abc_textfield_default_mtrl_alpha.9.png
[DEBUG]  Adding res/drawable-mdpi-v4/abc_textfield_search_activated_mtrl_alpha.9.png
[DEBUG]  Adding res/drawable-mdpi-v4/abc_textfield_search_default_mtrl_alpha.9.png
[DEBUG]  Adding res/drawable-notlong-land-hdpi-v4/background.png
[DEBUG]  Adding res/drawable-notlong-land-ldpi-v4/background.png
[DEBUG]  Adding res/drawable-notlong-land-mdpi-v4/background.png
[DEBUG]  Adding res/drawable-notlong-port-hdpi-v4/background.png
[DEBUG]  Adding res/drawable-notlong-port-ldpi-v4/background.png
[DEBUG]  Adding res/drawable-notlong-port-mdpi-v4/background.png
[DEBUG]  Adding res/drawable-tvdpi-v4/abc_btn_switch_to_on_mtrl_00001.9.png
[DEBUG]  Adding res/drawable-tvdpi-v4/abc_btn_switch_to_on_mtrl_00012.9.png
[DEBUG]  Adding res/drawable-xhdpi-v4/abc_ab_share_pack_mtrl_alpha.9.png
[DEBUG]  Adding res/drawable-xhdpi-v4/abc_btn_check_to_on_mtrl_000.png
[DEBUG]  Adding res/drawable-xhdpi-v4/abc_btn_check_to_on_mtrl_015.png
[DEBUG]  Adding res/drawable-xhdpi-v4/abc_btn_radio_to_on_mtrl_000.png
[DEBUG]  Adding res/drawable-xhdpi-v4/abc_btn_radio_to_on_mtrl_015.png
[DEBUG]  Adding res/drawable-xhdpi-v4/abc_btn_rating_star_off_mtrl_alpha.png
[DEBUG]  Adding res/drawable-xhdpi-v4/abc_btn_rating_star_on_mtrl_alpha.png
[DEBUG]  Adding res/drawable-xhdpi-v4/abc_btn_switch_to_on_mtrl_00001.9.png
[DEBUG]  Adding res/drawable-xhdpi-v4/abc_btn_switch_to_on_mtrl_00012.9.png
[DEBUG]  Adding res/drawable-xhdpi-v4/abc_cab_background_top_mtrl_alpha.9.png
[DEBUG]  Adding res/drawable-xhdpi-v4/abc_ic_ab_back_mtrl_am_alpha.png
[DEBUG]  Adding res/drawable-xhdpi-v4/abc_ic_clear_mtrl_alpha.png
[DEBUG]  Adding res/drawable-xhdpi-v4/abc_ic_commit_search_api_mtrl_alpha.png
[DEBUG]  Adding res/drawable-xhdpi-v4/abc_ic_go_search_api_mtrl_alpha.png
[DEBUG]  Adding res/drawable-xhdpi-v4/abc_ic_menu_copy_mtrl_am_alpha.png
[DEBUG]  Adding res/drawable-xhdpi-v4/abc_ic_menu_cut_mtrl_alpha.png
[DEBUG]  Adding res/drawable-xhdpi-v4/abc_ic_menu_moreoverflow_mtrl_alpha.png
[DEBUG]  Adding res/drawable-xhdpi-v4/abc_ic_menu_paste_mtrl_am_alpha.png
[DEBUG]  Adding res/drawable-xhdpi-v4/abc_ic_menu_selectall_mtrl_alpha.png
[DEBUG]  Adding res/drawable-xhdpi-v4/abc_ic_menu_share_mtrl_alpha.png
[DEBUG]  Adding res/drawable-xhdpi-v4/abc_ic_search_api_mtrl_alpha.png
[DEBUG]  Adding res/drawable-xhdpi-v4/abc_ic_voice_search_api_mtrl_alpha.png
[DEBUG]  Adding res/drawable-xhdpi-v4/abc_list_divider_mtrl_alpha.9.png
[DEBUG]  Adding res/drawable-xhdpi-v4/abc_list_focused_holo.9.png
[DEBUG]  Adding res/drawable-xhdpi-v4/abc_list_longpressed_holo.9.png
[DEBUG]  Adding res/drawable-xhdpi-v4/abc_list_pressed_holo_dark.9.png
[DEBUG]  Adding res/drawable-xhdpi-v4/abc_list_pressed_holo_light.9.png
[DEBUG]  Adding res/drawable-xhdpi-v4/abc_list_selector_disabled_holo_dark.9.png
[DEBUG]  Adding res/drawable-xhdpi-v4/abc_list_selector_disabled_holo_light.9.png
[DEBUG]  Adding res/drawable-xhdpi-v4/abc_menu_hardkey_panel_mtrl_mult.9.png
[DEBUG]  Adding res/drawable-xhdpi-v4/abc_popup_background_mtrl_mult.9.png
[DEBUG]  Adding res/drawable-xhdpi-v4/abc_spinner_mtrl_am_alpha.9.png
[DEBUG]  Adding res/drawable-xhdpi-v4/abc_switch_track_mtrl_alpha.9.png
[DEBUG]  Adding res/drawable-xhdpi-v4/abc_tab_indicator_mtrl_alpha.9.png
[DEBUG]  Adding res/drawable-xhdpi-v4/abc_text_cursor_mtrl_alpha.9.png
[DEBUG]  Adding res/drawable-xhdpi-v4/abc_textfield_activated_mtrl_alpha.9.png
[DEBUG]  Adding res/drawable-xhdpi-v4/abc_textfield_default_mtrl_alpha.9.png
[DEBUG]  Adding res/drawable-xhdpi-v4/abc_textfield_search_activated_mtrl_alpha.9.png
[DEBUG]  Adding res/drawable-xhdpi-v4/abc_textfield_search_default_mtrl_alpha.9.png
[DEBUG]  Adding res/drawable-xxhdpi-v4/abc_ab_share_pack_mtrl_alpha.9.png
[DEBUG]  Adding res/drawable-xxhdpi-v4/abc_btn_check_to_on_mtrl_000.png
[DEBUG]  Adding res/drawable-xxhdpi-v4/abc_btn_check_to_on_mtrl_015.png
[DEBUG]  Adding res/drawable-xxhdpi-v4/abc_btn_radio_to_on_mtrl_000.png
[DEBUG]  Adding res/drawable-xxhdpi-v4/abc_btn_radio_to_on_mtrl_015.png
[DEBUG]  Adding res/drawable-xxhdpi-v4/abc_btn_rating_star_off_mtrl_alpha.png
[DEBUG]  Adding res/drawable-xxhdpi-v4/abc_btn_rating_star_on_mtrl_alpha.png
[DEBUG]  Adding res/drawable-xxhdpi-v4/abc_btn_switch_to_on_mtrl_00001.9.png
[DEBUG]  Adding res/drawable-xxhdpi-v4/abc_btn_switch_to_on_mtrl_00012.9.png
[DEBUG]  Adding res/drawable-xxhdpi-v4/abc_cab_background_top_mtrl_alpha.9.png
[DEBUG]  Adding res/drawable-xxhdpi-v4/abc_ic_ab_back_mtrl_am_alpha.png
[DEBUG]  Adding res/drawable-xxhdpi-v4/abc_ic_clear_mtrl_alpha.png
[DEBUG]  Adding res/drawable-xxhdpi-v4/abc_ic_commit_search_api_mtrl_alpha.png
[DEBUG]  Adding res/drawable-xxhdpi-v4/abc_ic_go_search_api_mtrl_alpha.png
[DEBUG]  Adding res/drawable-xxhdpi-v4/abc_ic_menu_copy_mtrl_am_alpha.png
[DEBUG]  Adding res/drawable-xxhdpi-v4/abc_ic_menu_cut_mtrl_alpha.png
[DEBUG]  Adding res/drawable-xxhdpi-v4/abc_ic_menu_moreoverflow_mtrl_alpha.png
[DEBUG]  Adding res/drawable-xxhdpi-v4/abc_ic_menu_paste_mtrl_am_alpha.png
[DEBUG]  Adding res/drawable-xxhdpi-v4/abc_ic_menu_selectall_mtrl_alpha.png
[DEBUG]  Adding res/drawable-xxhdpi-v4/abc_ic_menu_share_mtrl_alpha.png
[DEBUG]  Adding res/drawable-xxhdpi-v4/abc_ic_search_api_mtrl_alpha.png
[DEBUG]  Adding res/drawable-xxhdpi-v4/abc_ic_voice_search_api_mtrl_alpha.png
[DEBUG]  Adding res/drawable-xxhdpi-v4/abc_list_divider_mtrl_alpha.9.png
[DEBUG]  Adding res/drawable-xxhdpi-v4/abc_list_focused_holo.9.png
[DEBUG]  Adding res/drawable-xxhdpi-v4/abc_list_longpressed_holo.9.png
[DEBUG]  Adding res/drawable-xxhdpi-v4/abc_list_pressed_holo_dark.9.png
[DEBUG]  Adding res/drawable-xxhdpi-v4/abc_list_pressed_holo_light.9.png
[DEBUG]  Adding res/drawable-xxhdpi-v4/abc_list_selector_disabled_holo_dark.9.png
[DEBUG]  Adding res/drawable-xxhdpi-v4/abc_list_selector_disabled_holo_light.9.png
[DEBUG]  Adding res/drawable-xxhdpi-v4/abc_menu_hardkey_panel_mtrl_mult.9.png
[DEBUG]  Adding res/drawable-xxhdpi-v4/abc_popup_background_mtrl_mult.9.png
[DEBUG]  Adding res/drawable-xxhdpi-v4/abc_spinner_mtrl_am_alpha.9.png
[DEBUG]  Adding res/drawable-xxhdpi-v4/abc_switch_track_mtrl_alpha.9.png
[DEBUG]  Adding res/drawable-xxhdpi-v4/abc_tab_indicator_mtrl_alpha.9.png
[DEBUG]  Adding res/drawable-xxhdpi-v4/abc_text_cursor_mtrl_alpha.9.png
[DEBUG]  Adding res/drawable-xxhdpi-v4/abc_textfield_activated_mtrl_alpha.9.png
[DEBUG]  Adding res/drawable-xxhdpi-v4/abc_textfield_default_mtrl_alpha.9.png
[DEBUG]  Adding res/drawable-xxhdpi-v4/abc_textfield_search_activated_mtrl_alpha.9.png
[DEBUG]  Adding res/drawable-xxhdpi-v4/abc_textfield_search_default_mtrl_alpha.9.png
[DEBUG]  Adding res/drawable-xxxhdpi-v4/abc_btn_check_to_on_mtrl_000.png
[DEBUG]  Adding res/drawable-xxxhdpi-v4/abc_btn_check_to_on_mtrl_015.png
[DEBUG]  Adding res/drawable-xxxhdpi-v4/abc_btn_radio_to_on_mtrl_000.png
[DEBUG]  Adding res/drawable-xxxhdpi-v4/abc_btn_radio_to_on_mtrl_015.png
[DEBUG]  Adding res/drawable-xxxhdpi-v4/abc_btn_switch_to_on_mtrl_00001.9.png
[DEBUG]  Adding res/drawable-xxxhdpi-v4/abc_btn_switch_to_on_mtrl_00012.9.png
[DEBUG]  Adding res/drawable-xxxhdpi-v4/abc_ic_ab_back_mtrl_am_alpha.png
[DEBUG]  Adding res/drawable-xxxhdpi-v4/abc_ic_clear_mtrl_alpha.png
[DEBUG]  Adding res/drawable-xxxhdpi-v4/abc_ic_menu_copy_mtrl_am_alpha.png
[DEBUG]  Adding res/drawable-xxxhdpi-v4/abc_ic_menu_cut_mtrl_alpha.png
[DEBUG]  Adding res/drawable-xxxhdpi-v4/abc_ic_menu_moreoverflow_mtrl_alpha.png
[DEBUG]  Adding res/drawable-xxxhdpi-v4/abc_ic_menu_paste_mtrl_am_alpha.png
[DEBUG]  Adding res/drawable-xxxhdpi-v4/abc_ic_menu_selectall_mtrl_alpha.png
[DEBUG]  Adding res/drawable-xxxhdpi-v4/abc_ic_menu_share_mtrl_alpha.png
[DEBUG]  Adding res/drawable-xxxhdpi-v4/abc_ic_search_api_mtrl_alpha.png
[DEBUG]  Adding res/drawable-xxxhdpi-v4/abc_ic_voice_search_api_mtrl_alpha.png
[DEBUG]  Adding res/drawable-xxxhdpi-v4/abc_spinner_mtrl_am_alpha.9.png
[DEBUG]  Adding res/drawable-xxxhdpi-v4/abc_switch_track_mtrl_alpha.9.png
[DEBUG]  Adding res/drawable-xxxhdpi-v4/abc_tab_indicator_mtrl_alpha.9.png
[DEBUG]  Deflating res/drawable/abc_btn_borderless_material.xml
[DEBUG]  Deflating res/drawable/abc_btn_check_material.xml
[DEBUG]  Deflating res/drawable/abc_btn_default_mtrl_shape.xml
[DEBUG]  Deflating res/drawable/abc_btn_radio_material.xml
[DEBUG]  Deflating res/drawable/abc_cab_background_internal_bg.xml
[DEBUG]  Deflating res/drawable/abc_cab_background_top_material.xml
[DEBUG]  Deflating res/drawable/abc_dialog_material_background_dark.xml
[DEBUG]  Deflating res/drawable/abc_dialog_material_background_light.xml
[DEBUG]  Deflating res/drawable/abc_edit_text_material.xml
[DEBUG]  Deflating res/drawable/abc_item_background_holo_dark.xml
[DEBUG]  Deflating res/drawable/abc_item_background_holo_light.xml
[DEBUG]  Deflating res/drawable/abc_list_selector_background_transition_holo_dark.xml
[DEBUG]  Deflating res/drawable/abc_list_selector_background_transition_holo_light.xml
[DEBUG]  Deflating res/drawable/abc_list_selector_holo_dark.xml
[DEBUG]  Deflating res/drawable/abc_list_selector_holo_light.xml
[DEBUG]  Deflating res/drawable/abc_ratingbar_full_material.xml
[DEBUG]  Deflating res/drawable/abc_spinner_textfield_background_material.xml
[DEBUG]  Deflating res/drawable/abc_switch_thumb_material.xml
[DEBUG]  Deflating res/drawable/abc_tab_indicator_material.xml
[DEBUG]  Deflating res/drawable/abc_textfield_search_material.xml
[DEBUG]  Adding res/drawable/appicon.png
[DEBUG]  Adding res/drawable/background.png
[DEBUG]  Adding res/drawable/btn_check_buttonless_on_64.png
[DEBUG]  Adding res/drawable/btn_more_64.png
[DEBUG]  Adding res/drawable/disclosure_64.png
[DEBUG]  Deflating res/layout-v11/abc_screen_content_include.xml
[DEBUG]  Deflating res/layout-v17/abc_alert_dialog_material.xml
[DEBUG]  Deflating res/layout-v17/abc_dialog_title_material.xml
[DEBUG]  Deflating res/layout-v17/abc_search_view.xml
[DEBUG]  Deflating res/layout-v21/abc_screen_toolbar.xml
[DEBUG]  Deflating res/layout-v21/titanium_ui_date_picker_spinner.xml
[DEBUG]  Deflating res/layout-v21/titanium_ui_time_picker_spinner.xml
[DEBUG]  Deflating res/layout/abc_action_bar_title_item.xml
[DEBUG]  Deflating res/layout/abc_action_bar_up_container.xml
[DEBUG]  Deflating res/layout/abc_action_bar_view_list_nav_layout.xml
[DEBUG]  Deflating res/layout/abc_action_menu_item_layout.xml
[DEBUG]  Deflating res/layout/abc_action_menu_layout.xml
[DEBUG]  Deflating res/layout/abc_action_mode_bar.xml
[DEBUG]  Deflating res/layout/abc_action_mode_close_item_material.xml
[DEBUG]  Deflating res/layout/abc_activity_chooser_view.xml
[DEBUG]  Deflating res/layout/abc_activity_chooser_view_list_item.xml
[DEBUG]  Deflating res/layout/abc_alert_dialog_material.xml
[DEBUG]  Deflating res/layout/abc_dialog_title_material.xml
[DEBUG]  Deflating res/layout/abc_expanded_menu_layout.xml
[DEBUG]  Deflating res/layout/abc_list_menu_item_checkbox.xml
[DEBUG]  Deflating res/layout/abc_list_menu_item_icon.xml
[DEBUG]  Deflating res/layout/abc_list_menu_item_layout.xml
[DEBUG]  Deflating res/layout/abc_list_menu_item_radio.xml
[DEBUG]  Deflating res/layout/abc_popup_menu_item_layout.xml
[DEBUG]  Deflating res/layout/abc_screen_content_include.xml
[DEBUG]  Deflating res/layout/abc_screen_simple.xml
[DEBUG]  Deflating res/layout/abc_screen_simple_overlay_action_mode.xml
[DEBUG]  Deflating res/layout/abc_screen_toolbar.xml
[DEBUG]  Deflating res/layout/abc_search_dropdown_item_icons_2line.xml
[DEBUG]  Deflating res/layout/abc_search_view.xml
[DEBUG]  Deflating res/layout/abc_select_dialog_material.xml
[DEBUG]  Deflating res/layout/abc_simple_dropdown_hint.xml
[DEBUG]  Deflating res/layout/select_dialog_item_material.xml
[DEBUG]  Deflating res/layout/select_dialog_multichoice_material.xml
[DEBUG]  Deflating res/layout/select_dialog_singlechoice_material.xml
[DEBUG]  Deflating res/layout/support_simple_spinner_dropdown_item.xml
[DEBUG]  Deflating res/layout/titanium_tabgroup.xml
[DEBUG]  Deflating res/layout/titanium_ui_checkbox.xml
[DEBUG]  Deflating res/layout/titanium_ui_date_picker_spinner.xml
[DEBUG]  Deflating res/layout/titanium_ui_edittext.xml
[DEBUG]  Deflating res/layout/titanium_ui_list_header_or_footer.xml
[DEBUG]  Deflating res/layout/titanium_ui_list_item.xml
[DEBUG]  Deflating res/layout/titanium_ui_spinner.xml
[DEBUG]  Deflating res/layout/titanium_ui_switchcompat.xml
[DEBUG]  Deflating res/layout/titanium_ui_time_picker_spinner.xml
[DEBUG]  Deflating resources.arsc
[DEBUG]  Processing /Users/didox/Library/Application Support/Titanium/modules/android/ti.admob/2.1.6/admob.jar
[DEBUG]  Processing /Users/didox/Library/Application Support/Titanium/modules/android/ti.admob/2.1.6/lib/google-play-services-ads.jar
[DEBUG]  Processing /Users/didox/Library/Application Support/Titanium/modules/android/ti.admob/2.1.6/lib/google-play-services-base.jar
[DEBUG]  Processing /Users/didox/Library/Application Support/Titanium/mobilesdk/osx/5.0.3.v20151028143139/android/kroll-v8.jar
[DEBUG]  Processing /Users/didox/Library/Application Support/Titanium/mobilesdk/osx/5.0.3.v20151028143139/android/modules/titanium-analytics.jar
[DEBUG]  Processing /Users/didox/Library/Application Support/Titanium/mobilesdk/osx/5.0.3.v20151028143139/android/aps-analytics.jar
[DEBUG]  Processing /Users/didox/Library/Application Support/Titanium/mobilesdk/osx/5.0.3.v20151028143139/android/modules/titanium-android.jar
[DEBUG]  Processing /Users/didox/Library/Application Support/Titanium/mobilesdk/osx/5.0.3.v20151028143139/android/jaxen-1.1.1.jar
[DEBUG]  Processing /Users/didox/Library/Application Support/Titanium/mobilesdk/osx/5.0.3.v20151028143139/android/ti-commons-codec-1.3.jar
[DEBUG]  Processing /Users/didox/Library/Application Support/Titanium/mobilesdk/osx/5.0.3.v20151028143139/android/kroll-common.jar
[DEBUG]  Processing /Users/didox/Library/Application Support/Titanium/mobilesdk/osx/5.0.3.v20151028143139/android/titanium.jar
[DEBUG]  Deflating org/appcelerator/titanium/build.properties
[DEBUG]  Adding org/appcelerator/titanium/res/drawable/background.png
[DEBUG]  Adding org/appcelerator/titanium/res/drawable/btn_check_buttonless_on.png
[DEBUG]  Adding org/appcelerator/titanium/res/drawable/btn_check_buttonless_on_100.png
[DEBUG]  Adding org/appcelerator/titanium/res/drawable/btn_check_buttonless_on_18.png
[DEBUG]  Adding org/appcelerator/titanium/res/drawable/btn_check_buttonless_on_48.png
[DEBUG]  Adding org/appcelerator/titanium/res/drawable/btn_check_buttonless_on_64.png
[DEBUG]  Adding org/appcelerator/titanium/res/drawable/btn_more.png
[DEBUG]  Adding org/appcelerator/titanium/res/drawable/btn_more_100.png
[DEBUG]  Adding org/appcelerator/titanium/res/drawable/btn_more_18.png
[DEBUG]  Adding org/appcelerator/titanium/res/drawable/btn_more_48.png
[DEBUG]  Adding org/appcelerator/titanium/res/drawable/btn_more_64.png
[DEBUG]  Adding org/appcelerator/titanium/res/drawable/btn_picker_normal.9.png
[DEBUG]  Adding org/appcelerator/titanium/res/drawable/btn_picker_pressed.9.png
[DEBUG]  Adding org/appcelerator/titanium/res/drawable/btn_picker_selected.9.png
[DEBUG]  Adding org/appcelerator/titanium/res/drawable/default_icon.png
[DEBUG]  Adding org/appcelerator/titanium/res/drawable/photoDefault.png
[DEBUG]  Processing /Users/didox/Library/Application Support/Titanium/mobilesdk/osx/5.0.3.v20151028143139/android/modules/titanium-app.jar
[DEBUG]  Processing /Users/didox/Library/Application Support/Titanium/mobilesdk/osx/5.0.3.v20151028143139/android/modules/titanium-ui.jar
[DEBUG]  Deflating ti/modules/titanium/ui/widget/webview/binding.js
[DEBUG]  Deflating ti/modules/titanium/ui/widget/webview/binding.min.js
[DEBUG]  Deflating ti/modules/titanium/ui/widget/webview/json2.js
[DEBUG]  Deflating ti/modules/titanium/ui/widget/webview/polling.js
[DEBUG]  Deflating ti/modules/titanium/ui/widget/webview/polling.min.js
[DEBUG]  Processing /Users/didox/Library/Application Support/Titanium/mobilesdk/osx/5.0.3.v20151028143139/android/nineoldandroids-appc-2.4.0.jar
[DEBUG]  Processing /Users/didox/Library/Application Support/Titanium/mobilesdk/osx/5.0.3.v20151028143139/android/modules/titanium-filesystem.jar
[DEBUG]  Processing /Users/didox/Library/Application Support/Titanium/mobilesdk/osx/5.0.3.v20151028143139/android/modules/titanium-media.jar
[DEBUG]  Processing /Users/didox/Library/Application Support/Titanium/mobilesdk/osx/5.0.3.v20151028143139/android/modules/titanium-appcompat.jar
[DEBUG]  Processing /Users/didox/Library/Application Support/Titanium/mobilesdk/osx/5.0.3.v20151028143139/android/android-support-v4.jar
[DEBUG]  Processing /Users/didox/Library/Application Support/Titanium/mobilesdk/osx/5.0.3.v20151028143139/android/android-support-v7-appcompat.jar
[DEBUG]  Processing /Users/didox/Library/Application Support/Titanium/mobilesdk/osx/5.0.3.v20151028143139/android/modules/titanium-locale.jar
[DEBUG]  Processing /Users/didox/Library/Application Support/Titanium/mobilesdk/osx/5.0.3.v20151028143139/android/modules/titanium-network.jar
[DEBUG]  Processing /Users/didox/Library/Application Support/Titanium/mobilesdk/osx/5.0.3.v20151028143139/android/modules/titanium-xml.jar
[DEBUG]  Processing /Users/didox/Library/Application Support/Titanium/mobilesdk/osx/5.0.3.v20151028143139/android/modules/titanium-utils.jar
[DEBUG]  Processing /Users/didox/Library/Application Support/Titanium/mobilesdk/osx/5.0.3.v20151028143139/android/modules/titanium-geolocation.jar
[DEBUG]  Processing /Users/didox/Library/Application Support/Titanium/mobilesdk/osx/5.0.3.v20151028143139/android/modules/titanium-accelerometer.jar
[DEBUG]  Processing /Users/didox/Library/Application Support/Titanium/mobilesdk/osx/5.0.3.v20151028143139/android/modules/titanium-contacts.jar
[DEBUG]  Processing /Users/didox/Library/Application Support/Titanium/mobilesdk/osx/5.0.3.v20151028143139/android/modules/titanium-map.jar
[DEBUG]  Processing /Users/didox/Library/Application Support/Titanium/mobilesdk/osx/5.0.3.v20151028143139/android/modules/titanium-gesture.jar
[DEBUG]  Processing /Users/didox/Library/Application Support/Titanium/mobilesdk/osx/5.0.3.v20151028143139/android/modules/titanium-calendar.jar
[DEBUG]  Processing /Users/didox/Library/Application Support/Titanium/mobilesdk/osx/5.0.3.v20151028143139/android/modules/titanium-platform.jar
[DEBUG]  Processing /Users/didox/Library/Application Support/Titanium/mobilesdk/osx/5.0.3.v20151028143139/android/modules/titanium-database.jar
[DEBUG]  Adding classes.dex
[INFO]   Processing /Users/didox/projects/torne-se-programador/desenvolvimento_aplicativos/minha_primeira_aplicacao/build/android/src
[DEBUG]  Adding lib/armeabi/libkroll-v8.so
[DEBUG]  Adding lib/armeabi/libstlport_shared.so
[DEBUG]  Adding lib/armeabi/libtiverify.so
[DEBUG]  Adding lib/armeabi-v7a/libkroll-v8.so
[DEBUG]  Adding lib/armeabi-v7a/libstlport_shared.so
[DEBUG]  Adding lib/armeabi-v7a/libtiverify.so
[DEBUG]  Adding lib/x86/libkroll-v8.so
[DEBUG]  Adding lib/x86/libstlport_shared.so
[DEBUG]  Adding lib/x86/libtiverify.so
[DEBUG]  Adding lib/armeabi/libti.admob.so
[DEBUG]  Adding lib/armeabi-v7a/libti.admob.so
[DEBUG]  Adding lib/x86/libti.admob.so
[INFO]   Writing unsigned apk: /Users/didox/projects/torne-se-programador/desenvolvimento_aplicativos/minha_primeira_aplicacao/build/android/bin/app-unsigned.apk
[INFO]   Using MD5withRSA signature algorithm
[INFO]   Signing apk: /Library/Java/JavaVirtualMachines/jdk1.8.0_60.jdk/Contents/Home/bin/jarsigner "-sigalg" "MD5withRSA" "-digestalg" "SHA1" "-keystore" "/Users/didox/Library/Application Support/Titanium/mobilesdk/osx/5.0.3.v20151028143139/android/dev_keystore" "-storepass" "*******" "-signedjar" "/Users/didox/projects/torne-se-programador/desenvolvimento_aplicativos/minha_primeira_aplicacao/build/android/bin/minha_primeira_aplicacao.apk" "/Users/didox/projects/torne-se-programador/desenvolvimento_aplicativos/minha_primeira_aplicacao/build/android/bin/app-unsigned.apk" "tidev"
[INFO]   Aligning zip file: /Users/didox/Library/android-sdk-macosx/build-tools/23.0.0/zipalign "-v" "4" "/Users/didox/projects/torne-se-programador/desenvolvimento_aplicativos/minha_primeira_aplicacao/build/android/bin/minha_primeira_aplicacao.apk" "/Users/didox/projects/torne-se-programador/desenvolvimento_aplicativos/minha_primeira_aplicacao/build/android/bin/minha_primeira_aplicacao.apkz"
[INFO]   Writing build manifest: /Users/didox/projects/torne-se-programador/desenvolvimento_aplicativos/minha_primeira_aplicacao/build/android/build-manifest.json
[INFO]   Performed build only, skipping installing of the application
[INFO]   Project built successfully in 26s 945ms
