0 info it worked if it ends with ok
1 verbose cli [ '/usr/local/Cellar/node/0.12.0/bin/node',
1 verbose cli   '/usr/local/bin/npm',
1 verbose cli   'run-script',
1 verbose cli   'test' ]
2 info using npm@3.9.5
3 info using node@v6.2.2
4 verbose run-script [ 'pretest', 'test', 'posttest' ]
5 info lifecycle cms@0.0.0~pretest: cms@0.0.0
6 silly lifecycle cms@0.0.0~pretest: no script for pretest, continuing
7 info lifecycle cms@0.0.0~test: cms@0.0.0
8 verbose lifecycle cms@0.0.0~test: unsafe-perm in lifecycle true
9 verbose lifecycle cms@0.0.0~test: PATH: /usr/local/lib/node_modules/npm/bin/node-gyp-bin:/Users/didox/projects/torne-se-programador/nodejs/cms/node_modules/.bin:/usr/local/Cellar/node/0.12.0/bin:/opt/local/bin:/opt/local/sbin:/Users/didox/Library/Android/sdk/platform-tools:/Users/didox/Library/Android/sdk/tools:/Users/didox/.rvm/gems/ruby-2.3.3/bin:/Users/didox/.rvm/gems/ruby-2.3.3@global/bin:/Users/didox/.rvm/rubies/ruby-2.3.3/bin:/usr/local/bin:/usr/bin:/bin:/usr/sbin:/sbin:/opt/X11/bin:/Users/didox/.rvm/bin
10 verbose lifecycle cms@0.0.0~test: CWD: /Users/didox/projects/torne-se-programador/nodejs/cms
11 silly lifecycle cms@0.0.0~test: Args: [ '-c', './node_modules/jasmine/bin/jasmine.js' ]
12 silly lifecycle cms@0.0.0~test: Returned: code: 1  signal: null
13 info lifecycle cms@0.0.0~test: Failed to exec test script
14 verbose stack Error: cms@0.0.0 test: `./node_modules/jasmine/bin/jasmine.js`
14 verbose stack Exit status 1
14 verbose stack     at EventEmitter.<anonymous> (/usr/local/lib/node_modules/npm/lib/utils/lifecycle.js:245:16)
14 verbose stack     at emitTwo (events.js:106:13)
14 verbose stack     at EventEmitter.emit (events.js:191:7)
14 verbose stack     at ChildProcess.<anonymous> (/usr/local/lib/node_modules/npm/lib/utils/spawn.js:24:14)
14 verbose stack     at emitTwo (events.js:106:13)
14 verbose stack     at ChildProcess.emit (events.js:191:7)
14 verbose stack     at maybeClose (internal/child_process.js:852:16)
14 verbose stack     at Process.ChildProcess._handle.onexit (internal/child_process.js:215:5)
15 verbose pkgid cms@0.0.0
16 verbose cwd /Users/didox/projects/torne-se-programador/nodejs/cms
17 error Darwin 14.3.0
18 error argv "/usr/local/Cellar/node/0.12.0/bin/node" "/usr/local/bin/npm" "run-script" "test"
19 error node v6.2.2
20 error npm  v3.9.5
21 error code ELIFECYCLE
22 error cms@0.0.0 test: `./node_modules/jasmine/bin/jasmine.js`
22 error Exit status 1
23 error Failed at the cms@0.0.0 test script './node_modules/jasmine/bin/jasmine.js'.
23 error Make sure you have the latest version of node.js and npm installed.
23 error If you do, this is most likely a problem with the cms package,
23 error not with npm itself.
23 error Tell the author that this fails on your system:
23 error     ./node_modules/jasmine/bin/jasmine.js
23 error You can get information on how to open an issue for this project with:
23 error     npm bugs cms
23 error Or if that isn't available, you can get their info via:
23 error     npm owner ls cms
23 error There is likely additional logging output above.
24 verbose exit [ 1, true ]
