0 info it worked if it ends with ok
1 verbose cli [ '/usr/local/Cellar/node/0.12.0/bin/node',
1 verbose cli   '/usr/local/bin/npm',
1 verbose cli   'run-script',
1 verbose cli   'test' ]
2 info using npm@3.9.5
3 info using node@v6.2.2
4 verbose stack Error: ENOENT: no such file or directory, open '/Users/didox/projects/torne-se-programador/nodejs/package.json'
4 verbose stack     at Error (native)
5 verbose cwd /Users/didox/projects/torne-se-programador/nodejs
6 error Darwin 14.3.0
7 error argv "/usr/local/Cellar/node/0.12.0/bin/node" "/usr/local/bin/npm" "run-script" "test"
8 error node v6.2.2
9 error npm  v3.9.5
10 error path /Users/didox/projects/torne-se-programador/nodejs/package.json
11 error code ENOENT
12 error errno -2
13 error syscall open
14 error enoent ENOENT: no such file or directory, open '/Users/didox/projects/torne-se-programador/nodejs/package.json'
15 error enoent ENOENT: no such file or directory, open '/Users/didox/projects/torne-se-programador/nodejs/package.json'
15 error enoent This is most likely not a problem with npm itself
15 error enoent and is related to npm not being able to find a file.
16 verbose exit [ -2, true ]
